2026-02-23 17:31:58,136 [72082] INFO ============================================================
2026-02-23 17:31:58,136 [72082] INFO Starting aggregation run
2026-02-23 17:31:58,137 [72082] INFO input=['/Volumes/ext1/tweetskb_ready/month_2020-03_tweets.parquet']  output=/tmp/tweetskb_test3
2026-02-23 17:31:58,143 [72082] INFO Found 1 months, 8 workers, batch_size=1000000
2026-02-23 17:31:58,874 [72127] INFO 2020-03 — starting
2026-02-23 17:32:04,190 [72127] INFO 2020-03 — top-100 entities found, 3446145 (tweet, entity) pairs
2026-02-23 17:32:19,848 [72127] INFO 2020-03 — done in 21.0s: 3446145 (tweet, entity) pairs, 2263 output rows
2026-02-23 17:32:19,983 [72082] INFO Removed 3 dirty entities (66 rows dropped): asshole, lmfao, nigga
2026-02-23 17:32:19,986 [72082] INFO Done. 2197 rows → /tmp/tweetskb_test3/tweetskb_agg.parquet  |  range 2020-03–2020-03  |  3,361,797 posts  |  497,414,526 likes  |  144,993,417 shares
2026-02-23 17:40:01,750 [73632] INFO ============================================================
2026-02-23 17:40:01,750 [73632] INFO Starting aggregation run
2026-02-23 17:40:01,750 [73632] INFO input=['/Volumes/ext1/tweetskb_ready/month_2020-03_tweets.parquet']  output=/tmp/tweetskb_test4
2026-02-23 17:40:01,756 [73632] INFO Found 1 months, 8 workers, batch_size=1000000
2026-02-23 17:40:02,475 [73691] INFO 2020-03 — starting
2026-02-23 17:40:07,797 [73691] INFO 2020-03 — top-100 entities found, 3446145 (tweet, entity) pairs
2026-02-23 17:40:23,617 [73691] INFO 2020-03 — done in 21.1s: 3446145 (tweet, entity) pairs, 2263 output rows
2026-02-23 17:40:23,766 [73632] INFO Redacted 3 dirty entities: 'asshole' → [REDACTED_0b9a54], 'nigga' → [REDACTED_9271d6], 'lmfao' → [REDACTED_d8a157]
2026-02-23 17:40:23,771 [73632] INFO Done. 2263 rows → /tmp/tweetskb_test4/tweetskb_agg.parquet  |  range 2020-03–2020-03  |  3,446,145 posts  |  511,845,287 likes  |  148,531,871 shares
2026-02-23 17:48:26,079 [74594] INFO ============================================================
2026-02-23 17:48:26,079 [74594] INFO Starting aggregation run
2026-02-23 17:48:26,079 [74594] INFO input=['tweetskb_ready']  output=tweetskb_agg
2026-02-23 17:48:26,080 [74594] ERROR No _tweets.parquet files found in ['tweetskb_ready']
2026-02-23 17:48:49,724 [74881] INFO ============================================================
2026-02-23 17:48:49,724 [74881] INFO Starting aggregation run
2026-02-23 17:48:49,724 [74881] INFO input=['tweetskb_ready']  output=tweetskb_agg
2026-02-23 17:48:49,731 [74881] INFO Found 126 months, 8 workers, batch_size=1000000
2026-02-23 17:48:50,466 [74886] INFO 2013-01 — starting
2026-02-23 17:48:50,466 [74885] INFO 2013-02 — starting
2026-02-23 17:48:50,469 [74887] INFO 2013-03 — starting
2026-02-23 17:48:50,471 [74892] INFO 2013-04 — starting
2026-02-23 17:48:50,473 [74888] INFO 2013-05 — starting
2026-02-23 17:48:50,476 [74889] INFO 2013-06 — starting
2026-02-23 17:48:50,479 [74890] INFO 2013-07 — starting
2026-02-23 17:48:50,484 [74891] INFO 2013-08 — starting
2026-02-23 17:48:50,497 [74887] INFO 2013-03 — top-100 entities found, 0 (tweet, entity) pairs
2026-02-23 17:48:50,502 [74887] INFO 2013-03 — done in 0.0s: 0 (tweet, entity) pairs, 0 output rows
2026-02-23 17:48:50,504 [74887] INFO 2013-09 — starting
2026-02-23 17:48:50,509 [74886] INFO 2013-01 — top-100 entities found, 6822 (tweet, entity) pairs
2026-02-23 17:48:50,512 [74885] INFO 2013-02 — top-100 entities found, 9157 (tweet, entity) pairs
2026-02-23 17:48:50,613 [74886] INFO 2013-01 — done in 0.1s: 6822 (tweet, entity) pairs, 859 output rows
2026-02-23 17:48:50,624 [74885] INFO 2013-02 — done in 0.2s: 9157 (tweet, entity) pairs, 897 output rows
2026-02-23 17:48:50,627 [74886] INFO 2013-10 — starting
2026-02-23 17:48:50,633 [74885] INFO 2013-11 — starting
2026-02-23 17:48:59,173 [74886] INFO 2013-10 — top-100 entities found, 3736850 (tweet, entity) pairs
2026-02-23 17:49:00,767 [74891] INFO 2013-08 — top-100 entities found, 5439797 (tweet, entity) pairs
2026-02-23 17:49:01,106 [74888] INFO 2013-05 — top-100 entities found, 5355630 (tweet, entity) pairs
2026-02-23 17:49:01,801 [74892] INFO 2013-04 — top-100 entities found, 5381517 (tweet, entity) pairs
2026-02-23 17:49:02,652 [74889] INFO 2013-06 — top-100 entities found, 6389778 (tweet, entity) pairs
2026-02-23 17:49:03,069 [74885] INFO 2013-11 — top-100 entities found, 5958690 (tweet, entity) pairs
2026-02-23 17:49:06,603 [74887] INFO 2013-09 — top-100 entities found, 6334550 (tweet, entity) pairs
2026-02-23 17:49:08,171 [74890] INFO 2013-07 — top-100 entities found, 7369002 (tweet, entity) pairs
2026-02-23 17:49:26,037 [74886] INFO 2013-10 — done in 35.4s: 3736850 (tweet, entity) pairs, 2196 output rows
2026-02-23 17:49:26,052 [74886] INFO 2013-12 — starting
2026-02-23 17:49:33,756 [74886] INFO 2013-12 — top-100 entities found, 4614762 (tweet, entity) pairs
2026-02-23 17:49:50,285 [74891] INFO 2013-08 — done in 59.8s: 5439797 (tweet, entity) pairs, 2246 output rows
2026-02-23 17:49:50,292 [74891] INFO 2014-01 — starting
2026-02-23 17:49:52,126 [74888] INFO 2013-05 — done in 61.7s: 5355630 (tweet, entity) pairs, 2216 output rows
2026-02-23 17:49:52,175 [74888] INFO 2014-02 — starting
2026-02-23 17:49:56,325 [74892] INFO 2013-04 — done in 65.9s: 5381517 (tweet, entity) pairs, 2221 output rows
2026-02-23 17:49:56,350 [74892] INFO 2014-03 — starting
2026-02-23 17:50:04,449 [74888] INFO 2014-02 — top-100 entities found, 5414367 (tweet, entity) pairs
2026-02-23 17:50:05,481 [74885] INFO 2013-11 — done in 74.8s: 5958690 (tweet, entity) pairs, 2230 output rows
2026-02-23 17:50:05,490 [74885] INFO 2014-04 — starting
2026-02-23 17:50:05,610 [74891] INFO 2014-01 — top-100 entities found, 6181612 (tweet, entity) pairs
2026-02-23 17:50:06,474 [74892] INFO 2014-03 — top-100 entities found, 5704218 (tweet, entity) pairs
2026-02-23 17:50:08,515 [74889] INFO 2013-06 — done in 78.0s: 6389778 (tweet, entity) pairs, 2239 output rows
2026-02-23 17:50:08,528 [74889] INFO 2014-05 — starting
2026-02-23 17:50:14,480 [74887] INFO 2013-09 — done in 84.0s: 6334550 (tweet, entity) pairs, 2247 output rows
2026-02-23 17:50:14,491 [74887] INFO 2014-06 — starting
2026-02-23 17:50:16,259 [74885] INFO 2014-04 — top-100 entities found, 5474125 (tweet, entity) pairs
2026-02-23 17:50:19,416 [74889] INFO 2014-05 — top-100 entities found, 5461410 (tweet, entity) pairs
2026-02-23 17:50:20,558 [74886] INFO 2013-12 — done in 54.5s: 4614762 (tweet, entity) pairs, 2181 output rows
2026-02-23 17:50:20,568 [74886] INFO 2014-07 — starting
2026-02-23 17:50:24,401 [74887] INFO 2014-06 — top-100 entities found, 5226471 (tweet, entity) pairs
2026-02-23 17:50:29,383 [74890] INFO 2013-07 — done in 98.9s: 7369002 (tweet, entity) pairs, 2279 output rows
2026-02-23 17:50:29,393 [74890] INFO 2014-08 — starting
2026-02-23 17:50:32,697 [74886] INFO 2014-07 — top-100 entities found, 6006170 (tweet, entity) pairs
2026-02-23 17:50:41,410 [74890] INFO 2014-08 — top-100 entities found, 5746354 (tweet, entity) pairs
2026-02-23 17:50:49,951 [74888] INFO 2014-02 — done in 57.8s: 5414367 (tweet, entity) pairs, 2218 output rows
2026-02-23 17:50:49,959 [74888] INFO 2014-09 — starting
2026-02-23 17:50:51,985 [74892] INFO 2014-03 — done in 55.6s: 5704218 (tweet, entity) pairs, 2186 output rows
2026-02-23 17:50:52,000 [74892] INFO 2014-10 — starting
2026-02-23 17:50:58,478 [74891] INFO 2014-01 — done in 68.2s: 6181612 (tweet, entity) pairs, 2241 output rows
2026-02-23 17:50:58,490 [74891] INFO 2014-11 — starting
2026-02-23 17:50:59,274 [74888] INFO 2014-09 — top-100 entities found, 4832760 (tweet, entity) pairs
2026-02-23 17:51:01,556 [74892] INFO 2014-10 — top-100 entities found, 4844666 (tweet, entity) pairs
2026-02-23 17:51:02,391 [74885] INFO 2014-04 — done in 56.9s: 5474125 (tweet, entity) pairs, 2204 output rows
2026-02-23 17:51:02,401 [74885] INFO 2014-12 — starting
2026-02-23 17:51:04,615 [74887] INFO 2014-06 — done in 50.1s: 5226471 (tweet, entity) pairs, 2220 output rows
2026-02-23 17:51:04,625 [74887] INFO 2015-01 — starting
2026-02-23 17:51:05,793 [74889] INFO 2014-05 — done in 57.3s: 5461410 (tweet, entity) pairs, 2210 output rows
2026-02-23 17:51:05,802 [74889] INFO 2015-02 — starting
2026-02-23 17:51:08,311 [74891] INFO 2014-11 — top-100 entities found, 5227368 (tweet, entity) pairs
2026-02-23 17:51:13,048 [74885] INFO 2014-12 — top-100 entities found, 5663074 (tweet, entity) pairs
2026-02-23 17:51:15,438 [74887] INFO 2015-01 — top-100 entities found, 4876699 (tweet, entity) pairs
2026-02-23 17:51:15,605 [74889] INFO 2015-02 — top-100 entities found, 4568648 (tweet, entity) pairs
2026-02-23 17:51:23,337 [74886] INFO 2014-07 — done in 62.8s: 6006170 (tweet, entity) pairs, 2238 output rows
2026-02-23 17:51:23,346 [74886] INFO 2015-03 — starting
2026-02-23 17:51:30,543 [74890] INFO 2014-08 — done in 61.1s: 5746354 (tweet, entity) pairs, 2219 output rows
2026-02-23 17:51:30,559 [74890] INFO 2015-04 — starting
2026-02-23 17:51:34,394 [74886] INFO 2015-03 — top-100 entities found, 5259434 (tweet, entity) pairs
2026-02-23 17:51:39,718 [74888] INFO 2014-09 — done in 49.8s: 4832760 (tweet, entity) pairs, 2180 output rows
2026-02-23 17:51:39,725 [74888] INFO 2015-05 — starting
2026-02-23 17:51:40,328 [74890] INFO 2015-04 — top-100 entities found, 4352906 (tweet, entity) pairs
2026-02-23 17:51:42,538 [74892] INFO 2014-10 — done in 50.5s: 4844666 (tweet, entity) pairs, 2197 output rows
2026-02-23 17:51:42,552 [74892] INFO 2015-06 — starting
2026-02-23 17:51:48,941 [74888] INFO 2015-05 — top-100 entities found, 4206609 (tweet, entity) pairs
2026-02-23 17:51:50,273 [74891] INFO 2014-11 — done in 51.8s: 5227368 (tweet, entity) pairs, 2167 output rows
2026-02-23 17:51:50,284 [74891] INFO 2015-07 — starting
2026-02-23 17:51:50,745 [74889] INFO 2015-02 — done in 44.9s: 4568648 (tweet, entity) pairs, 2162 output rows
2026-02-23 17:51:50,756 [74889] INFO 2015-08 — starting
2026-02-23 17:51:51,860 [74892] INFO 2015-06 — top-100 entities found, 4170072 (tweet, entity) pairs
2026-02-23 17:51:54,925 [74885] INFO 2014-12 — done in 52.5s: 5663074 (tweet, entity) pairs, 2125 output rows
2026-02-23 17:51:54,935 [74885] INFO 2015-09 — starting
2026-02-23 17:51:56,308 [74887] INFO 2015-01 — done in 51.7s: 4876699 (tweet, entity) pairs, 2169 output rows
2026-02-23 17:51:56,325 [74887] INFO 2015-10 — starting
2026-02-23 17:52:01,309 [74891] INFO 2015-07 — top-100 entities found, 4770562 (tweet, entity) pairs
2026-02-23 17:52:03,007 [74889] INFO 2015-08 — top-100 entities found, 6784390 (tweet, entity) pairs
2026-02-23 17:52:05,276 [74885] INFO 2015-09 — top-100 entities found, 4096987 (tweet, entity) pairs
2026-02-23 17:52:06,367 [74887] INFO 2015-10 — top-100 entities found, 3994670 (tweet, entity) pairs
2026-02-23 17:52:16,618 [74890] INFO 2015-04 — done in 46.1s: 4352906 (tweet, entity) pairs, 2125 output rows
2026-02-23 17:52:16,631 [74890] INFO 2015-11 — starting
2026-02-23 17:52:17,482 [74886] INFO 2015-03 — done in 54.1s: 5259434 (tweet, entity) pairs, 2166 output rows
2026-02-23 17:52:17,491 [74886] INFO 2015-12 — starting
2026-02-23 17:52:24,629 [74888] INFO 2015-05 — done in 44.9s: 4206609 (tweet, entity) pairs, 2124 output rows
2026-02-23 17:52:24,637 [74888] INFO 2016-01 — starting
2026-02-23 17:52:27,028 [74890] INFO 2015-11 — top-100 entities found, 5917725 (tweet, entity) pairs
2026-02-23 17:52:27,534 [74886] INFO 2015-12 — top-100 entities found, 5903411 (tweet, entity) pairs
2026-02-23 17:52:27,624 [74892] INFO 2015-06 — done in 45.1s: 4170072 (tweet, entity) pairs, 2122 output rows
2026-02-23 17:52:27,633 [74892] INFO 2016-02 — starting
2026-02-23 17:52:34,209 [74888] INFO 2016-01 — top-100 entities found, 4018406 (tweet, entity) pairs
2026-02-23 17:52:36,382 [74892] INFO 2016-02 — top-100 entities found, 4030489 (tweet, entity) pairs
2026-02-23 17:52:38,587 [74885] INFO 2015-09 — done in 43.7s: 4096987 (tweet, entity) pairs, 2088 output rows
2026-02-23 17:52:38,597 [74885] INFO 2016-03 — starting
2026-02-23 17:52:39,707 [74891] INFO 2015-07 — done in 49.4s: 4770562 (tweet, entity) pairs, 2103 output rows
2026-02-23 17:52:39,718 [74891] INFO 2016-04 — starting
2026-02-23 17:52:40,795 [74887] INFO 2015-10 — done in 44.5s: 3994670 (tweet, entity) pairs, 2117 output rows
2026-02-23 17:52:40,808 [74887] INFO 2016-05 — starting
2026-02-23 17:52:48,323 [74889] INFO 2015-08 — done in 57.6s: 6784390 (tweet, entity) pairs, 2094 output rows
2026-02-23 17:52:48,339 [74889] INFO 2016-06 — starting
2026-02-23 17:52:49,116 [74885] INFO 2016-03 — top-100 entities found, 3968454 (tweet, entity) pairs
2026-02-23 17:52:50,111 [74891] INFO 2016-04 — top-100 entities found, 3648027 (tweet, entity) pairs
2026-02-23 17:52:51,285 [74887] INFO 2016-05 — top-100 entities found, 3592692 (tweet, entity) pairs
2026-02-23 17:52:57,138 [74889] INFO 2016-06 — top-100 entities found, 3851501 (tweet, entity) pairs
2026-02-23 17:53:06,447 [74890] INFO 2015-11 — done in 49.8s: 5917725 (tweet, entity) pairs, 2045 output rows
2026-02-23 17:53:06,458 [74890] INFO 2016-07 — starting
2026-02-23 17:53:06,493 [74886] INFO 2015-12 — done in 49.0s: 5903411 (tweet, entity) pairs, 2049 output rows
2026-02-23 17:53:06,556 [74886] INFO 2016-08 — starting
2026-02-23 17:53:07,766 [74888] INFO 2016-01 — done in 43.1s: 4018406 (tweet, entity) pairs, 2084 output rows
2026-02-23 17:53:07,772 [74888] INFO 2016-09 — starting
2026-02-23 17:53:07,779 [74892] INFO 2016-02 — done in 40.1s: 4030489 (tweet, entity) pairs, 2088 output rows
2026-02-23 17:53:07,784 [74892] INFO 2016-10 — starting
2026-02-23 17:53:15,064 [74886] INFO 2016-08 — top-100 entities found, 4230673 (tweet, entity) pairs
2026-02-23 17:53:15,674 [74890] INFO 2016-07 — top-100 entities found, 4775695 (tweet, entity) pairs
2026-02-23 17:53:15,829 [74888] INFO 2016-09 — top-100 entities found, 3242362 (tweet, entity) pairs
2026-02-23 17:53:16,127 [74892] INFO 2016-10 — top-100 entities found, 3454664 (tweet, entity) pairs
2026-02-23 17:53:19,156 [74891] INFO 2016-04 — done in 39.4s: 3648027 (tweet, entity) pairs, 2106 output rows
2026-02-23 17:53:19,166 [74891] INFO 2016-11 — starting
2026-02-23 17:53:19,624 [74885] INFO 2016-03 — done in 41.0s: 3968454 (tweet, entity) pairs, 2092 output rows
2026-02-23 17:53:19,634 [74885] INFO 2016-12 — starting
2026-02-23 17:53:20,190 [74887] INFO 2016-05 — done in 39.4s: 3592692 (tweet, entity) pairs, 2075 output rows
2026-02-23 17:53:20,199 [74887] INFO 2017-01 — starting
2026-02-23 17:53:24,816 [74891] INFO 2016-11 — top-100 entities found, 2260620 (tweet, entity) pairs
2026-02-23 17:53:27,357 [74889] INFO 2016-06 — done in 39.0s: 3851501 (tweet, entity) pairs, 2113 output rows
2026-02-23 17:53:27,357 [74885] INFO 2016-12 — top-100 entities found, 3237217 (tweet, entity) pairs
2026-02-23 17:53:27,369 [74889] INFO 2017-02 — starting
2026-02-23 17:53:28,405 [74887] INFO 2017-01 — top-100 entities found, 3470896 (tweet, entity) pairs
2026-02-23 17:53:34,327 [74889] INFO 2017-02 — top-100 entities found, 3019463 (tweet, entity) pairs
2026-02-23 17:53:36,385 [74891] INFO 2016-11 — done in 17.2s: 2260620 (tweet, entity) pairs, 2012 output rows
2026-02-23 17:53:36,392 [74891] INFO 2017-03 — starting
2026-02-23 17:53:37,430 [74888] INFO 2016-09 — done in 29.7s: 3242362 (tweet, entity) pairs, 2059 output rows
2026-02-23 17:53:37,435 [74888] INFO 2017-04 — starting
2026-02-23 17:53:38,967 [74892] INFO 2016-10 — done in 31.2s: 3454664 (tweet, entity) pairs, 2093 output rows
2026-02-23 17:53:38,973 [74892] INFO 2017-05 — starting
2026-02-23 17:53:42,481 [74886] INFO 2016-08 — done in 35.9s: 4230673 (tweet, entity) pairs, 2011 output rows
2026-02-23 17:53:42,490 [74886] INFO 2017-06 — starting
2026-02-23 17:53:43,924 [74891] INFO 2017-03 — top-100 entities found, 3154877 (tweet, entity) pairs
2026-02-23 17:53:44,125 [74888] INFO 2017-04 — top-100 entities found, 2766419 (tweet, entity) pairs
2026-02-23 17:53:46,841 [74892] INFO 2017-05 — top-100 entities found, 3953339 (tweet, entity) pairs
2026-02-23 17:53:48,195 [74885] INFO 2016-12 — done in 28.6s: 3237217 (tweet, entity) pairs, 2068 output rows
2026-02-23 17:53:48,203 [74885] INFO 2017-07 — starting
2026-02-23 17:53:49,057 [74890] INFO 2016-07 — done in 42.6s: 4775695 (tweet, entity) pairs, 2056 output rows
2026-02-23 17:53:49,068 [74890] INFO 2017-08 — starting
2026-02-23 17:53:49,469 [74886] INFO 2017-06 — top-100 entities found, 2924548 (tweet, entity) pairs
2026-02-23 17:53:51,337 [74887] INFO 2017-01 — done in 31.1s: 3470896 (tweet, entity) pairs, 2077 output rows
2026-02-23 17:53:51,348 [74887] INFO 2017-09 — starting
2026-02-23 17:53:53,209 [74889] INFO 2017-02 — done in 25.8s: 3019463 (tweet, entity) pairs, 2098 output rows
2026-02-23 17:53:53,220 [74889] INFO 2017-10 — starting
2026-02-23 17:53:55,597 [74885] INFO 2017-07 — top-100 entities found, 3075705 (tweet, entity) pairs
2026-02-23 17:53:56,687 [74890] INFO 2017-08 — top-100 entities found, 3420897 (tweet, entity) pairs
2026-02-23 17:53:58,665 [74887] INFO 2017-09 — top-100 entities found, 2753612 (tweet, entity) pairs
2026-02-23 17:54:00,153 [74889] INFO 2017-10 — top-100 entities found, 2663187 (tweet, entity) pairs
2026-02-23 17:54:01,177 [74888] INFO 2017-04 — done in 23.7s: 2766419 (tweet, entity) pairs, 2066 output rows
2026-02-23 17:54:01,183 [74888] INFO 2017-11 — starting
2026-02-23 17:54:03,411 [74888] INFO 2017-11 — top-100 entities found, 300 (tweet, entity) pairs
2026-02-23 17:54:03,439 [74888] INFO 2017-11 — done in 2.3s: 300 (tweet, entity) pairs, 300 output rows
2026-02-23 17:54:03,444 [74888] INFO 2017-12 — starting
2026-02-23 17:54:04,636 [74891] INFO 2017-03 — done in 28.2s: 3154877 (tweet, entity) pairs, 2080 output rows
2026-02-23 17:54:04,641 [74891] INFO 2018-01 — starting
2026-02-23 17:54:05,445 [74888] INFO 2017-12 — top-100 entities found, 200 (tweet, entity) pairs
2026-02-23 17:54:05,462 [74888] INFO 2017-12 — done in 2.0s: 200 (tweet, entity) pairs, 200 output rows
2026-02-23 17:54:05,465 [74888] INFO 2018-02 — starting
2026-02-23 17:54:06,453 [74886] INFO 2017-06 — done in 24.0s: 2924548 (tweet, entity) pairs, 2089 output rows
2026-02-23 17:54:06,458 [74886] INFO 2018-03 — starting
2026-02-23 17:54:06,802 [74891] INFO 2018-01 — top-100 entities found, 900 (tweet, entity) pairs
2026-02-23 17:54:06,841 [74891] INFO 2018-01 — done in 2.2s: 900 (tweet, entity) pairs, 500 output rows
2026-02-23 17:54:06,846 [74891] INFO 2018-04 — starting
2026-02-23 17:54:06,876 [74888] INFO 2018-02 — top-100 entities found, 500 (tweet, entity) pairs
2026-02-23 17:54:06,958 [74888] INFO 2018-02 — done in 1.5s: 500 (tweet, entity) pairs, 300 output rows
2026-02-23 17:54:06,981 [74888] INFO 2018-05 — starting
2026-02-23 17:54:09,251 [74886] INFO 2018-03 — top-100 entities found, 600 (tweet, entity) pairs
2026-02-23 17:54:09,287 [74886] INFO 2018-03 — done in 2.8s: 600 (tweet, entity) pairs, 500 output rows
2026-02-23 17:54:09,293 [74886] INFO 2018-06 — starting
2026-02-23 17:54:12,638 [74892] INFO 2017-05 — done in 33.7s: 3953339 (tweet, entity) pairs, 2088 output rows
2026-02-23 17:54:12,666 [74892] INFO 2018-07 — starting
2026-02-23 17:54:13,476 [74891] INFO 2018-04 — top-100 entities found, 2705249 (tweet, entity) pairs
2026-02-23 17:54:13,936 [74885] INFO 2017-07 — done in 25.7s: 3075705 (tweet, entity) pairs, 2078 output rows
2026-02-23 17:54:13,941 [74885] INFO 2018-08 — starting
2026-02-23 17:54:13,974 [74888] INFO 2018-05 — top-100 entities found, 3064582 (tweet, entity) pairs
2026-02-23 17:54:14,616 [74887] INFO 2017-09 — done in 23.3s: 2753612 (tweet, entity) pairs, 2092 output rows
2026-02-23 17:54:14,621 [74887] INFO 2018-09 — starting
2026-02-23 17:54:15,222 [74889] INFO 2017-10 — done in 22.0s: 2663187 (tweet, entity) pairs, 2068 output rows
2026-02-23 17:54:15,227 [74889] INFO 2018-10 — starting
2026-02-23 17:54:15,915 [74890] INFO 2017-08 — done in 26.8s: 3420897 (tweet, entity) pairs, 2057 output rows
2026-02-23 17:54:15,920 [74890] INFO 2018-11 — starting
2026-02-23 17:54:16,265 [74886] INFO 2018-06 — top-100 entities found, 2908120 (tweet, entity) pairs
2026-02-23 17:54:19,591 [74892] INFO 2018-07 — top-100 entities found, 2820443 (tweet, entity) pairs
2026-02-23 17:54:20,548 [74885] INFO 2018-08 — top-100 entities found, 2715326 (tweet, entity) pairs
2026-02-23 17:54:21,241 [74887] INFO 2018-09 — top-100 entities found, 2633406 (tweet, entity) pairs
2026-02-23 17:54:21,942 [74889] INFO 2018-10 — top-100 entities found, 2779940 (tweet, entity) pairs
2026-02-23 17:54:22,299 [74890] INFO 2018-11 — top-100 entities found, 2567206 (tweet, entity) pairs
2026-02-23 17:54:27,718 [74891] INFO 2018-04 — done in 20.9s: 2705249 (tweet, entity) pairs, 2181 output rows
2026-02-23 17:54:27,726 [74891] INFO 2018-12 — starting
2026-02-23 17:54:29,986 [74888] INFO 2018-05 — done in 23.0s: 3064582 (tweet, entity) pairs, 2216 output rows
2026-02-23 17:54:29,992 [74888] INFO 2019-01 — starting
2026-02-23 17:54:31,996 [74886] INFO 2018-06 — done in 22.7s: 2908120 (tweet, entity) pairs, 2244 output rows
2026-02-23 17:54:32,001 [74886] INFO 2019-02 — starting
2026-02-23 17:54:32,380 [74891] INFO 2018-12 — top-100 entities found, 2050136 (tweet, entity) pairs
2026-02-23 17:54:34,798 [74885] INFO 2018-08 — done in 20.9s: 2715326 (tweet, entity) pairs, 2222 output rows
2026-02-23 17:54:34,805 [74885] INFO 2019-03 — starting
2026-02-23 17:54:35,032 [74892] INFO 2018-07 — done in 22.4s: 2820443 (tweet, entity) pairs, 2263 output rows
2026-02-23 17:54:35,039 [74892] INFO 2019-04 — starting
2026-02-23 17:54:35,208 [74887] INFO 2018-09 — done in 20.6s: 2633406 (tweet, entity) pairs, 2214 output rows
2026-02-23 17:54:35,241 [74887] INFO 2019-05 — starting
2026-02-23 17:54:35,441 [74890] INFO 2018-11 — done in 19.5s: 2567206 (tweet, entity) pairs, 2241 output rows
2026-02-23 17:54:35,446 [74890] INFO 2019-06 — starting
2026-02-23 17:54:36,569 [74889] INFO 2018-10 — done in 21.3s: 2779940 (tweet, entity) pairs, 2237 output rows
2026-02-23 17:54:36,574 [74888] INFO 2019-01 — top-100 entities found, 2634221 (tweet, entity) pairs
2026-02-23 17:54:36,575 [74889] INFO 2019-07 — starting
2026-02-23 17:54:38,585 [74886] INFO 2019-02 — top-100 entities found, 2444557 (tweet, entity) pairs
2026-02-23 17:54:42,431 [74890] INFO 2019-06 — top-100 entities found, 2641928 (tweet, entity) pairs
2026-02-23 17:54:42,577 [74885] INFO 2019-03 — top-100 entities found, 2760190 (tweet, entity) pairs
2026-02-23 17:54:42,592 [74892] INFO 2019-04 — top-100 entities found, 2978996 (tweet, entity) pairs
2026-02-23 17:54:43,015 [74887] INFO 2019-05 — top-100 entities found, 2762967 (tweet, entity) pairs
2026-02-23 17:54:43,276 [74891] INFO 2018-12 — done in 15.6s: 2050136 (tweet, entity) pairs, 2187 output rows
2026-02-23 17:54:43,291 [74891] INFO 2019-08 — starting
2026-02-23 17:54:44,452 [74889] INFO 2019-07 — top-100 entities found, 2843360 (tweet, entity) pairs
2026-02-23 17:54:50,207 [74891] INFO 2019-08 — top-100 entities found, 2875994 (tweet, entity) pairs
2026-02-23 17:54:52,091 [74886] INFO 2019-02 — done in 20.1s: 2444557 (tweet, entity) pairs, 2248 output rows
2026-02-23 17:54:52,098 [74886] INFO 2019-09 — starting
2026-02-23 17:54:52,546 [74888] INFO 2019-01 — done in 22.6s: 2634221 (tweet, entity) pairs, 2249 output rows
2026-02-23 17:54:52,554 [74888] INFO 2019-10 — starting
2026-02-23 17:54:57,290 [74890] INFO 2019-06 — done in 21.8s: 2641928 (tweet, entity) pairs, 2268 output rows
2026-02-23 17:54:57,299 [74890] INFO 2019-11 — starting
2026-02-23 17:54:58,097 [74887] INFO 2019-05 — done in 22.9s: 2762967 (tweet, entity) pairs, 2280 output rows
2026-02-23 17:54:58,102 [74887] INFO 2019-12 — starting
2026-02-23 17:54:58,125 [74892] INFO 2019-04 — done in 23.1s: 2978996 (tweet, entity) pairs, 2268 output rows
2026-02-23 17:54:58,183 [74892] INFO 2020-01 — starting
2026-02-23 17:54:58,208 [74886] INFO 2019-09 — top-100 entities found, 2683047 (tweet, entity) pairs
2026-02-23 17:54:58,474 [74885] INFO 2019-03 — done in 23.7s: 2760190 (tweet, entity) pairs, 2275 output rows
2026-02-23 17:54:58,481 [74885] INFO 2020-02 — starting
2026-02-23 17:54:59,241 [74888] INFO 2019-10 — top-100 entities found, 3017416 (tweet, entity) pairs
2026-02-23 17:55:00,455 [74889] INFO 2019-07 — done in 23.9s: 2843360 (tweet, entity) pairs, 2278 output rows
2026-02-23 17:55:00,461 [74889] INFO 2020-03 — starting
2026-02-23 17:55:03,292 [74885] INFO 2020-02 — top-100 entities found, 2206649 (tweet, entity) pairs
2026-02-23 17:55:03,998 [74890] INFO 2019-11 — top-100 entities found, 2855364 (tweet, entity) pairs
2026-02-23 17:55:04,690 [74887] INFO 2019-12 — top-100 entities found, 2869786 (tweet, entity) pairs
2026-02-23 17:55:04,894 [74892] INFO 2020-01 — top-100 entities found, 3044963 (tweet, entity) pairs
2026-02-23 17:55:06,100 [74891] INFO 2019-08 — done in 22.8s: 2875994 (tweet, entity) pairs, 2284 output rows
2026-02-23 17:55:06,107 [74891] INFO 2020-04 — starting
2026-02-23 17:55:08,149 [74889] INFO 2020-03 — top-100 entities found, 3446145 (tweet, entity) pairs
2026-02-23 17:55:12,908 [74886] INFO 2019-09 — done in 20.8s: 2683047 (tweet, entity) pairs, 2269 output rows
2026-02-23 17:55:12,920 [74886] INFO 2020-05 — starting
2026-02-23 17:55:14,105 [74891] INFO 2020-04 — top-100 entities found, 3894360 (tweet, entity) pairs
2026-02-23 17:55:14,472 [74885] INFO 2020-02 — done in 16.0s: 2206649 (tweet, entity) pairs, 2262 output rows
2026-02-23 17:55:14,477 [74885] INFO 2020-06 — starting
2026-02-23 17:55:16,704 [74888] INFO 2019-10 — done in 24.2s: 3017416 (tweet, entity) pairs, 2297 output rows
2026-02-23 17:55:16,711 [74888] INFO 2020-07 — starting
2026-02-23 17:55:20,366 [74890] INFO 2019-11 — done in 23.1s: 2855364 (tweet, entity) pairs, 2272 output rows
2026-02-23 17:55:20,376 [74890] INFO 2020-08 — starting
2026-02-23 17:55:21,766 [74887] INFO 2019-12 — done in 23.7s: 2869786 (tweet, entity) pairs, 2275 output rows
2026-02-23 17:55:21,772 [74887] INFO 2020-09 — starting
2026-02-23 17:55:21,839 [74886] INFO 2020-05 — top-100 entities found, 4046062 (tweet, entity) pairs
2026-02-23 17:55:23,544 [74885] INFO 2020-06 — top-100 entities found, 4330324 (tweet, entity) pairs
2026-02-23 17:55:23,859 [74892] INFO 2020-01 — done in 25.7s: 3044963 (tweet, entity) pairs, 2301 output rows
2026-02-23 17:55:23,874 [74892] INFO 2020-10 — starting
2026-02-23 17:55:26,709 [74888] INFO 2020-07 — top-100 entities found, 4142039 (tweet, entity) pairs
2026-02-23 17:55:30,745 [74889] INFO 2020-03 — done in 30.3s: 3446145 (tweet, entity) pairs, 2263 output rows
2026-02-23 17:55:30,752 [74889] INFO 2020-11 — starting
2026-02-23 17:55:32,020 [74887] INFO 2020-09 — top-100 entities found, 3944287 (tweet, entity) pairs
2026-02-23 17:55:32,170 [74890] INFO 2020-08 — top-100 entities found, 4382130 (tweet, entity) pairs
2026-02-23 17:55:35,161 [74892] INFO 2020-10 — top-100 entities found, 4399363 (tweet, entity) pairs
2026-02-23 17:55:40,523 [74889] INFO 2020-11 — top-100 entities found, 4296699 (tweet, entity) pairs
2026-02-23 17:55:47,968 [74891] INFO 2020-04 — done in 41.9s: 3894360 (tweet, entity) pairs, 2273 output rows
2026-02-23 17:55:47,976 [74891] INFO 2020-12 — starting
2026-02-23 17:55:55,941 [74891] INFO 2020-12 — top-100 entities found, 3642300 (tweet, entity) pairs
2026-02-23 17:55:57,439 [74886] INFO 2020-05 — done in 44.5s: 4046062 (tweet, entity) pairs, 2313 output rows
2026-02-23 17:55:57,458 [74886] INFO 2021-01 — starting
2026-02-23 17:56:00,827 [74885] INFO 2020-06 — done in 46.3s: 4330324 (tweet, entity) pairs, 2316 output rows
2026-02-23 17:56:00,836 [74885] INFO 2021-02 — starting
2026-02-23 17:56:04,237 [74888] INFO 2020-07 — done in 47.5s: 4142039 (tweet, entity) pairs, 2301 output rows
2026-02-23 17:56:04,256 [74888] INFO 2021-03 — starting
2026-02-23 17:56:05,955 [74886] INFO 2021-01 — top-100 entities found, 3755102 (tweet, entity) pairs
2026-02-23 17:56:06,298 [74887] INFO 2020-09 — done in 44.5s: 3944287 (tweet, entity) pairs, 2285 output rows
2026-02-23 17:56:06,304 [74887] INFO 2021-04 — starting
2026-02-23 17:56:09,080 [74885] INFO 2021-02 — top-100 entities found, 3609465 (tweet, entity) pairs
2026-02-23 17:56:09,178 [74890] INFO 2020-08 — done in 48.8s: 4382130 (tweet, entity) pairs, 2305 output rows
2026-02-23 17:56:09,186 [74890] INFO 2021-05 — starting
2026-02-23 17:56:09,190 [74890] INFO 2021-05 — top-100 entities found, 0 (tweet, entity) pairs
2026-02-23 17:56:09,191 [74890] INFO 2021-05 — done in 0.0s: 0 (tweet, entity) pairs, 0 output rows
2026-02-23 17:56:09,194 [74890] INFO 2021-06 — starting
2026-02-23 17:56:10,625 [74892] INFO 2020-10 — done in 46.8s: 4399363 (tweet, entity) pairs, 2293 output rows
2026-02-23 17:56:10,633 [74892] INFO 2021-07 — starting
2026-02-23 17:56:13,101 [74888] INFO 2021-03 — top-100 entities found, 3785534 (tweet, entity) pairs
2026-02-23 17:56:14,794 [74887] INFO 2021-04 — top-100 entities found, 3630933 (tweet, entity) pairs
2026-02-23 17:56:14,985 [74889] INFO 2020-11 — done in 44.2s: 4296699 (tweet, entity) pairs, 2261 output rows
2026-02-23 17:56:15,001 [74889] INFO 2021-08 — starting
2026-02-23 17:56:17,888 [74890] INFO 2021-06 — top-100 entities found, 3623381 (tweet, entity) pairs
2026-02-23 17:56:19,335 [74892] INFO 2021-07 — top-100 entities found, 3605809 (tweet, entity) pairs
2026-02-23 17:56:21,488 [74891] INFO 2020-12 — done in 33.5s: 3642300 (tweet, entity) pairs, 2258 output rows
2026-02-23 17:56:21,494 [74891] INFO 2021-09 — starting
2026-02-23 17:56:23,634 [74889] INFO 2021-08 — top-100 entities found, 3972051 (tweet, entity) pairs
2026-02-23 17:56:29,159 [74891] INFO 2021-09 — top-100 entities found, 3322411 (tweet, entity) pairs
2026-02-23 17:56:32,068 [74885] INFO 2021-02 — done in 31.2s: 3609465 (tweet, entity) pairs, 2296 output rows
2026-02-23 17:56:32,076 [74885] INFO 2021-10 — starting
2026-02-23 17:56:37,749 [74886] INFO 2021-01 — done in 40.3s: 3755102 (tweet, entity) pairs, 2313 output rows
2026-02-23 17:56:37,757 [74886] INFO 2021-11 — starting
2026-02-23 17:56:38,580 [74887] INFO 2021-04 — done in 32.3s: 3630933 (tweet, entity) pairs, 2267 output rows
2026-02-23 17:56:38,588 [74887] INFO 2021-12 — starting
2026-02-23 17:56:40,424 [74885] INFO 2021-10 — top-100 entities found, 3601514 (tweet, entity) pairs
2026-02-23 17:56:40,577 [74890] INFO 2021-06 — done in 31.4s: 3623381 (tweet, entity) pairs, 2270 output rows
2026-02-23 17:56:40,585 [74890] INFO 2022-01 — starting
2026-02-23 17:56:42,152 [74892] INFO 2021-07 — done in 31.5s: 3605809 (tweet, entity) pairs, 2291 output rows
2026-02-23 17:56:42,159 [74892] INFO 2022-02 — starting
2026-02-23 17:56:43,149 [74888] INFO 2021-03 — done in 38.9s: 3785534 (tweet, entity) pairs, 2295 output rows
2026-02-23 17:56:43,155 [74888] INFO 2022-03 — starting
2026-02-23 17:56:46,258 [74886] INFO 2021-11 — top-100 entities found, 3836844 (tweet, entity) pairs
2026-02-23 17:56:46,367 [74887] INFO 2021-12 — top-100 entities found, 3602805 (tweet, entity) pairs
2026-02-23 17:56:47,349 [74889] INFO 2021-08 — done in 32.3s: 3972051 (tweet, entity) pairs, 2263 output rows
2026-02-23 17:56:47,358 [74889] INFO 2022-04 — starting
2026-02-23 17:56:49,542 [74891] INFO 2021-09 — done in 28.0s: 3322411 (tweet, entity) pairs, 2270 output rows
2026-02-23 17:56:49,559 [74891] INFO 2022-05 — starting
2026-02-23 17:56:49,622 [74890] INFO 2022-01 — top-100 entities found, 4538635 (tweet, entity) pairs
2026-02-23 17:56:50,618 [74892] INFO 2022-02 — top-100 entities found, 4140592 (tweet, entity) pairs
2026-02-23 17:56:52,627 [74888] INFO 2022-03 — top-100 entities found, 4538633 (tweet, entity) pairs
2026-02-23 17:56:56,601 [74889] INFO 2022-04 — top-100 entities found, 4342579 (tweet, entity) pairs
2026-02-23 17:56:58,353 [74891] INFO 2022-05 — top-100 entities found, 3948359 (tweet, entity) pairs
2026-02-23 17:57:03,117 [74885] INFO 2021-10 — done in 31.0s: 3601514 (tweet, entity) pairs, 2255 output rows
2026-02-23 17:57:03,123 [74885] INFO 2022-06 — starting
2026-02-23 17:57:06,685 [74887] INFO 2021-12 — done in 28.1s: 3602805 (tweet, entity) pairs, 2234 output rows
2026-02-23 17:57:06,691 [74887] INFO 2022-07 — starting
2026-02-23 17:57:08,163 [74886] INFO 2021-11 — done in 30.4s: 3836844 (tweet, entity) pairs, 2246 output rows
2026-02-23 17:57:08,169 [74886] INFO 2022-08 — starting
2026-02-23 17:57:11,526 [74885] INFO 2022-06 — top-100 entities found, 3656467 (tweet, entity) pairs
2026-02-23 17:57:13,891 [74892] INFO 2022-02 — done in 31.7s: 4140592 (tweet, entity) pairs, 2267 output rows
2026-02-23 17:57:13,908 [74892] INFO 2022-09 — starting
2026-02-23 17:57:15,839 [74887] INFO 2022-07 — top-100 entities found, 3440656 (tweet, entity) pairs
2026-02-23 17:57:17,378 [74886] INFO 2022-08 — top-100 entities found, 3620594 (tweet, entity) pairs
2026-02-23 17:57:21,030 [74890] INFO 2022-01 — done in 40.4s: 4538635 (tweet, entity) pairs, 2277 output rows
2026-02-23 17:57:21,041 [74890] INFO 2022-10 — starting
2026-02-23 17:57:22,632 [74891] INFO 2022-05 — done in 33.1s: 3948359 (tweet, entity) pairs, 2244 output rows
2026-02-23 17:57:22,639 [74891] INFO 2022-11 — starting
2026-02-23 17:57:23,367 [74892] INFO 2022-09 — top-100 entities found, 3617160 (tweet, entity) pairs
2026-02-23 17:57:23,849 [74888] INFO 2022-03 — done in 40.7s: 4538633 (tweet, entity) pairs, 2276 output rows
2026-02-23 17:57:23,858 [74888] INFO 2022-12 — starting
2026-02-23 17:57:25,751 [74889] INFO 2022-04 — done in 38.4s: 4342579 (tweet, entity) pairs, 2243 output rows
2026-02-23 17:57:25,763 [74889] INFO 2023-01 — starting
2026-02-23 17:57:30,582 [74890] INFO 2022-10 — top-100 entities found, 3998829 (tweet, entity) pairs
2026-02-23 17:57:31,544 [74891] INFO 2022-11 — top-100 entities found, 4052995 (tweet, entity) pairs
2026-02-23 17:57:32,101 [74888] INFO 2022-12 — top-100 entities found, 3631754 (tweet, entity) pairs
2026-02-23 17:57:34,168 [74889] INFO 2023-01 — top-100 entities found, 3443208 (tweet, entity) pairs
2026-02-23 17:57:34,507 [74885] INFO 2022-06 — done in 31.4s: 3656467 (tweet, entity) pairs, 2240 output rows
2026-02-23 17:57:34,513 [74885] INFO 2023-02 — starting
2026-02-23 17:57:37,388 [74887] INFO 2022-07 — done in 30.7s: 3440656 (tweet, entity) pairs, 2267 output rows
2026-02-23 17:57:37,395 [74887] INFO 2023-03 — starting
2026-02-23 17:57:39,750 [74886] INFO 2022-08 — done in 31.6s: 3620594 (tweet, entity) pairs, 2250 output rows
2026-02-23 17:57:39,757 [74886] INFO 2023-04 — starting
2026-02-23 17:57:41,519 [74885] INFO 2023-02 — top-100 entities found, 3171009 (tweet, entity) pairs
2026-02-23 17:57:45,503 [74892] INFO 2022-09 — done in 31.6s: 3617160 (tweet, entity) pairs, 2242 output rows
2026-02-23 17:57:45,510 [74892] INFO 2023-05 — starting
2026-02-23 17:57:45,694 [74887] INFO 2023-03 — top-100 entities found, 3630585 (tweet, entity) pairs
2026-02-23 17:57:47,825 [74886] INFO 2023-04 — top-100 entities found, 3503831 (tweet, entity) pairs
2026-02-23 17:57:54,037 [74892] INFO 2023-05 — top-100 entities found, 3916691 (tweet, entity) pairs
2026-02-23 17:57:55,020 [74889] INFO 2023-01 — done in 29.3s: 3443208 (tweet, entity) pairs, 2258 output rows
2026-02-23 17:57:55,026 [74889] INFO 2023-06 — starting
2026-02-23 17:57:55,169 [74888] INFO 2022-12 — done in 31.3s: 3631754 (tweet, entity) pairs, 2248 output rows
2026-02-23 17:57:55,305 [74890] INFO 2022-10 — done in 34.3s: 3998829 (tweet, entity) pairs, 2238 output rows
2026-02-23 17:57:58,445 [74889] INFO 2023-06 — top-100 entities found, 1775983 (tweet, entity) pairs
2026-02-23 17:58:00,027 [74885] INFO 2023-02 — done in 25.5s: 3171009 (tweet, entity) pairs, 2267 output rows
2026-02-23 17:58:00,523 [74891] INFO 2022-11 — done in 37.9s: 4052995 (tweet, entity) pairs, 2204 output rows
2026-02-23 17:58:03,805 [74889] INFO 2023-06 — done in 8.8s: 1775983 (tweet, entity) pairs, 2148 output rows
2026-02-23 17:58:07,170 [74886] INFO 2023-04 — done in 27.4s: 3503831 (tweet, entity) pairs, 2250 output rows
2026-02-23 17:58:07,615 [74887] INFO 2023-03 — done in 30.2s: 3630585 (tweet, entity) pairs, 2265 output rows
2026-02-23 17:58:12,250 [74892] INFO 2023-05 — done in 26.7s: 3916691 (tweet, entity) pairs, 2250 output rows
2026-02-23 17:58:13,457 [74881] INFO Redacted 38 dirty entities: 'nudes' → [REDACTED_a9603e], 'fart' → [REDACTED_3f2f42], 'lust' → [REDACTED_c19d68], 'blowjob' → [REDACTED_cf9a87], 'nigga' → [REDACTED_9271d6], 'stupid' → [REDACTED_fc0586], 'fuck' → [REDACTED_997544], 'pussy' → [REDACTED_acc6f2], 'american sniper' → [REDACTED_1e0e9e], 'fuck it' → [REDACTED_e4562f], 'stfu' → [REDACTED_b9d22d], 'adult porn' → [REDACTED_da3c3b], 'rape' → [REDACTED_c29b0f], 'boobs' → [REDACTED_d091fc], 'cumshot' → [REDACTED_1dea84], 'vodka' → [REDACTED_234eae], 'sexual assault' → [REDACTED_4388b6], 'my nigga' → [REDACTED_2a5ba7], 'anal' → [REDACTED_347341], 'fucked up' → [REDACTED_ff1ccc], 'shemale' → [REDACTED_5c157c], 'panties' → [REDACTED_51d5eb], 'moron' → [REDACTED_2da1ab], 'bullshit' → [REDACTED_d2aefe], 'omg' → [REDACTED_28b901], 'slut' → [REDACTED_fe325c], 'lmao' → [REDACTED_0f18fd], 'milf' → [REDACTED_0fa9d9], 'porno' → [REDACTED_52fb9d], 'viagra' → [REDACTED_8faa7f], 'facial expression' → [REDACTED_4005cd], 'lmfao' → [REDACTED_d8a157], 'vagina' → [REDACTED_833218], 'cunt' → [REDACTED_b52b07], 'shit' → [REDACTED_1223b8], 'porn' → [REDACTED_89e55d], 'asshole' → [REDACTED_0b9a54], 'what the fuck' → [REDACTED_736b83]
2026-02-23 17:58:13,503 [74881] INFO Done. 261163 rows → tweetskb_agg/tweetskb_agg.parquet  |  range 2013-01–2023-06  |  461,499,470 posts  |  30,129,772,603 likes  |  12,862,766,400 shares
2026-02-24 12:29:51,285 [73630] INFO 2013-01 — starting
2026-02-24 12:29:51,302 [73630] INFO 2013-01 — top-100 entities found, 25844 (tweet, entity) pairs
2026-02-24 12:29:51,365 [73630] INFO 2013-01 — done in 0.1s: 48665 (tweet, entity) pairs, 908 output rows
2026-02-24 12:49:29,728 [77879] INFO ============================================================
2026-02-24 12:49:29,728 [77879] INFO Starting aggregation run
2026-02-24 12:49:29,728 [77879] INFO input=['tweetskb_ready']  output=tweetskb_tables
2026-02-24 12:49:32,885 [77879] INFO Resuming: loaded 1240000 checkpoint rows for 124 months
2026-02-24 12:49:32,896 [77879] INFO Found 2 months to process, 8 workers, batch_size=1000000
2026-02-24 12:49:33,610 [77889] INFO 2021-05 — starting
2026-02-24 12:49:33,610 [77890] INFO 2013-03 — starting
2026-02-24 12:49:33,635 [77890] INFO 2013-03 — top-100 entities found, 0 (tweet, entity) pairs
2026-02-24 12:49:33,635 [77889] INFO 2021-05 — top-100 entities found, 0 (tweet, entity) pairs
2026-02-24 12:49:33,638 [77890] INFO 2013-03 — done in 0.0s: 0 (tweet, entity) pairs, 0 output rows
2026-02-24 12:49:33,638 [77889] INFO 2021-05 — done in 0.0s: 0 (tweet, entity) pairs, 0 output rows
2026-02-24 12:49:42,413 [77879] WARNING SIGINT received — initiating clean shutdown
2026-02-24 12:50:59,988 [77879] INFO Redacted 1474 dirty entities: 'thick dick' → [REDACTED_2589e2], 'sex shop' → [REDACTED_846916], 'undies' → [REDACTED_b5a186], 'cunnilingus' → [REDACTED_1edce1], 'women orgasm' → [REDACTED_74d16b], 'doggy style' → [REDACTED_a993fe], 'sucking dick' → [REDACTED_756a2b], 'nudes photos' → [REDACTED_52b7d4], 'alien sex fiend' → [REDACTED_8463b2], 'porno videos' → [REDACTED_14d3a5], 'beastiality' → [REDACTED_39a2f4], '120 days of sodom' → [REDACTED_94b022], 'the ugly truth' → [REDACTED_145ae1], 'titties' → [REDACTED_aabc6d], 'indian porn' → [REDACTED_83e427], 'ancient sex pictures' → [REDACTED_9ae023], 'orgasm' → [REDACTED_98a72e], 'mom sex' → [REDACTED_86c7eb], 'porn sites' → [REDACTED_92a8da], 'kiss my ass' → [REDACTED_4afa69], 'rice paddy' → [REDACTED_d44441], 'the kingdom of god' → [REDACTED_cccdfe], 'nude video' → [REDACTED_d50d08], 'american sniper' → [REDACTED_1e0e9e], 'porn hub' → [REDACTED_bfa32f], 'what the fuck' → [REDACTED_736b83], 'lil pimp' → [REDACTED_8fa81e], 'abedin weiner' → [REDACTED_db1999], 'free porn video' → [REDACTED_c42774], 'child rapist' → [REDACTED_f4334b], 'bathroom sex' → [REDACTED_418fc8], 'nude girl' → [REDACTED_6f99e5], 'free sex video' → [REDACTED_b452fe], 'women having sex' → [REDACTED_2bc8d3], 'scum of the earth' → [REDACTED_9cef60], 'nigga please' → [REDACTED_3b9fdc], 'porn clips' → [REDACTED_38a027], 'las vegas strip' → [REDACTED_23041c], 'naked ass' → [REDACTED_a38dca], 'anal tear' → [REDACTED_862b2d], 'slut' → [REDACTED_fe325c], 'ejaculates' → [REDACTED_2f0d6a], 'big boobs' → [REDACTED_af6339], 'dick joke' → [REDACTED_4c5e8e], 'kill my mind' → [REDACTED_1793bd], 'image of god' → [REDACTED_16560c], 'fuck' → [REDACTED_997541], 'black porn' → [REDACTED_a044e0], 'nipples' → [REDACTED_d84f1d], 'gay street' → [REDACTED_27881c], 'alan cumming' → [REDACTED_62cbf6], 'adult sex toys' → [REDACTED_d0f739], 'come hell or high water' → [REDACTED_68a5c3], 'sexual assault' → [REDACTED_4388b6], 'uzi' → [REDACTED_d2a6e1], 'orgy' → [REDACTED_3c88b5], 'sex uk' → [REDACTED_a3fb49], 'licking pussy' → [REDACTED_284495], 'bondage tape' → [REDACTED_d79766], 'quickie sex' → [REDACTED_131a8b], 'cock sucking' → [REDACTED_32b63f], 'wank' → [REDACTED_e97b03], 'asian bitch' → [REDACTED_e647f3], 'god in islam' → [REDACTED_b099b5], 'hiv positive' → [REDACTED_1d9924], 'mother fucking' → [REDACTED_f8e952], 'nazi sympathizer' → [REDACTED_f9ee60], 'anatomy of a murder' → [REDACTED_2636c3], 'nazism' → [REDACTED_7a76f5], 'comic strip' → [REDACTED_3ac0ba], 'party sex' → [REDACTED_dce90a], 'fuck videos' → [REDACTED_ec52fc], 'shemale porn' → [REDACTED_881e96], 'murder mystery' → [REDACTED_193b7e], 'fuck her right in the pussy' → [REDACTED_74da61], 'epstein didn t kill himself' → [REDACTED_bb91ee], 'average cock' → [REDACTED_dffc46], 'anal exam' → [REDACTED_f8822e], 'philip k dick' → [REDACTED_3a079b], '18 porn' → [REDACTED_bd99c4], 'heroin' → [REDACTED_66c4e6], 'stoned at the nail salon' → [REDACTED_1627d8], 'doggy style sex positions' → [REDACTED_8a3743], 'god only knows' → [REDACTED_6fe6ce], 'xxx sex' → [REDACTED_cd3a73], 'paddy mcnair' → [REDACTED_520a26], 'girl sex' → [REDACTED_509aa9], 'mentally retarded' → [REDACTED_8c0894], 'hard cock' → [REDACTED_7b65fa], 'clit piercing' → [REDACTED_101b1c], 'scrotum' → [REDACTED_e80e62], '40 year old virgin' → [REDACTED_9e4717], 'brain fart' → [REDACTED_2fe3fb], 'wang x' → [REDACTED_d1d8e4], 'cock black' → [REDACTED_bb70f6], 'oral sex' → [REDACTED_fc394a], 'going to hell' → [REDACTED_4a4aa2], 'a view to a kill' → [REDACTED_4886d6], 'lez' → [REDACTED_2f7625], 'woody harrelson' → [REDACTED_4cf75b], 'sex crime' → [REDACTED_d9409d], 'black panties' → [REDACTED_ade0d5], 'neo nazi' → [REDACTED_a05780], 'sex best' → [REDACTED_ee6efc], 'woody allen' → [REDACTED_bcbbdc], 'dick white' → [REDACTED_5f44a5], 'rum' → [REDACTED_6845b7], 'homo naledi' → [REDACTED_3cd0fe], 'wang yibo' → [REDACTED_c23b27], 'rape as a weapon of war' → [REDACTED_ed1b1e], 'porn site' → [REDACTED_14418c], 'group porn' → [REDACTED_fc4097], 'quim' → [REDACTED_ccf9f1], 'anti porn' → [REDACTED_6b5171], 'god told me to' → [REDACTED_07beca], 'frank reich' → [REDACTED_1b1821], 'safe sex' → [REDACTED_ca8334], 'nude girls' → [REDACTED_fad7fc], 'phuck' → [REDACTED_f70539], 'gay icon' → [REDACTED_6c9048], 'opiate' → [REDACTED_8b0879], 'real fuck' → [REDACTED_3aed47], 'slave labor' → [REDACTED_53525f], 'napalm bombs' → [REDACTED_36137a], 'god save the queen' → [REDACTED_4f0c5a], 'she s a bitch' → [REDACTED_ba80d5], 'screwing' → [REDACTED_5056cd], 'sexual innuendos' → [REDACTED_b6b183], 'american porn' → [REDACTED_e94bf7], 'flange' → [REDACTED_db5c83], 'a j pollock' → [REDACTED_5c02fb], 'sex sexy' → [REDACTED_11b40f], 'sex girls' → [REDACTED_b6ee95], 'anal creampie' → [REDACTED_e8ee78], 'ballsack' → [REDACTED_52c27c], 'titfuck' → [REDACTED_bbb978], 'sexual healing' → [REDACTED_24c47f], 'queers' → [REDACTED_5c0806], 'adult sex videos' → [REDACTED_73a665], 'masturbate' → [REDACTED_71e81a], 'celebrity nudes' → [REDACTED_7d2701], 'black tits' → [REDACTED_571316], 'sex ed' → [REDACTED_984de1], 'women sex' → [REDACTED_24c559], 'granny panties' → [REDACTED_db3ca1], '2 girls 1 cup video' → [REDACTED_02b60e], 'gay and jewish' → [REDACTED_c8a3c2], 'little bitch' → [REDACTED_fa8932], 'anal fissures' → [REDACTED_716b0e], 'for the love of god' → [REDACTED_2489b7], 'crazy stupid love' → [REDACTED_921ef1], 'nude movies' → [REDACTED_a570f5], 'third degree murder' → [REDACTED_510b11], 'anal sexo' → [REDACTED_a2a46f], 'fat girls' → [REDACTED_1d24da], 'girl anal sex' → [REDACTED_6c6e9b], 'ganja' → [REDACTED_92adfa], 'dick james' → [REDACTED_8f71a8], 'facial expression' → [REDACTED_4005cd], 'sex girl' → [REDACTED_763821], 'slim thug' → [REDACTED_c8579f], 'fucked pussy' → [REDACTED_a389a0], 'mass murder' → [REDACTED_a2c0e6], 'sex slaves' → [REDACTED_cf993e], 'this hell' → [REDACTED_8a57af], 'porn anal' → [REDACTED_8f2b87], 'sex videos free' → [REDACTED_accc30], 'hey god' → [REDACTED_861ff0], 'genocidal rape' → [REDACTED_de95ad], 'the clitoris' → [REDACTED_c51abf], 'puss' → [REDACTED_971dd9], 'anal cunt' → [REDACTED_ce4758], 'rape victim' → [REDACTED_67784c], 'dick around' → [REDACTED_3e70a9], 'same sex marriage' → [REDACTED_3c643e], 'rap god' → [REDACTED_1728b2], 'menstruate' → [REDACTED_c3f834], 'video sex' → [REDACTED_163f92], 'rich as fuck' → [REDACTED_35a807], 'nude pictures' → [REDACTED_34c9dc], 'god gave me you' → [REDACTED_b1a359], 'motherfucking' → [REDACTED_2f8d4a], 'cowgirl' → [REDACTED_522394], 'bimbo' → [REDACTED_63eb64], 'assfuck' → [REDACTED_466fe6], 'butthole surfers' → [REDACTED_79a57b], 'american god' → [REDACTED_a42ab5], 'ain t it funny' → [REDACTED_99746f], 'sex addiction' → [REDACTED_a2b3e9], 'phone sex' → [REDACTED_81740f], 'homo sapiens' → [REDACTED_d11746], 'pawn stars' → [REDACTED_78384b], 'real shit' → [REDACTED_0f53d3], 'first anal' → [REDACTED_99a048], 'labia' → [REDACTED_359f96], 'fat boy' → [REDACTED_1c2223], 'love drunk' → [REDACTED_3d341a], 'sperm bank' → [REDACTED_76b2a4], 'pimp c' → [REDACTED_870ab2], 'hump day' → [REDACTED_460c18], 'god forgives i don t' → [REDACTED_ae1206], 'virgin america' → [REDACTED_922875], 'animal fuck' → [REDACTED_6c06d8], 'penis' → [REDACTED_c02b7d], 'premeditated murder' → [REDACTED_c361ff], 'child sex' → [REDACTED_1e75c0], 'clit' → [REDACTED_93869c], 'naked bath' → [REDACTED_d51193], 'tits ass' → [REDACTED_5d97f8], 'a watched pot' → [REDACTED_a9d745], 'sexual slavery' → [REDACTED_2f6835], 'erection' → [REDACTED_706c3e], 'gay bar' → [REDACTED_0d2e26], 'gay nightclub' → [REDACTED_3caaa7], 'bitch slapped' → [REDACTED_d6d6dd], 'rape culture' → [REDACTED_12da70], 'fuk' → [REDACTED_69b4d5], 'child sex abuse' → [REDACTED_b203d7], 'girls xxx' → [REDACTED_13e320], 'big fat lie' → [REDACTED_bd543d], 'sex and the city' → [REDACTED_fed3d1], 'virgin galactic' → [REDACTED_e5f00e], 'mother fuckers' → [REDACTED_c17750], 'big breasts' → [REDACTED_e25acf], 'weird sex' → [REDACTED_2bf119], 'suck this' → [REDACTED_3830a4], 'kike' → [REDACTED_066fc7], 'nude photos' → [REDACTED_97323c], 'anal douche' → [REDACTED_13b087], 'false god' → [REDACTED_12cbdc], 'cocksucking' → [REDACTED_c0cf8c], 'god s grace' → [REDACTED_70fd9f], 'len wein' → [REDACTED_f2f8df], 'god bless the usa' → [REDACTED_f82251], 'sex abuse' → [REDACTED_9998fa], 'to pimp a butterfly' → [REDACTED_d7b55c], 'naked people' → [REDACTED_a87fc3], 'meth lab' → [REDACTED_586324], 'sex robot' → [REDACTED_e27a60], 'god is good' → [REDACTED_1578ac], 'american pie the naked mile' → [REDACTED_7a088b], 'sex video' → [REDACTED_ebcb58], 'same sex couple' → [REDACTED_2488c0], 'sex buddy' → [REDACTED_554759], 'kkk' → [REDACTED_cb42e1], 'an act of god' → [REDACTED_be21db], 'anal cunt albums' → [REDACTED_b1a3ed], 'retarded' → [REDACTED_9caca7], 'asian pussy' → [REDACTED_56cc49], 'lust' → [REDACTED_c19d68], 'german porn' → [REDACTED_de0b66], 'fat albert' → [REDACTED_48dc82], 'norman fucking rockwell' → [REDACTED_7fc8cb], 'national vodka day' → [REDACTED_65c128], 'sex life' → [REDACTED_5a3860], 'ass cock' → [REDACTED_c7298a], 'cbd hemp oil' → [REDACTED_07ec1c], 'ac dc highway to hell' → [REDACTED_47c826], 'sex with women' → [REDACTED_b56b9d], 'akiba s trip' → [REDACTED_8f2e07], 'plss' → [REDACTED_20cf02], 'free porn videos' → [REDACTED_0c4df7], 'hurts like hell' → [REDACTED_c30e5b], 'office sex' → [REDACTED_531edc], 'pcp' → [REDACTED_3d27c2], 'rapist' → [REDACTED_adbf67], 'ass burger' → [REDACTED_d22a5a], 'the xx' → [REDACTED_8f3e0f], '72 virgin' → [REDACTED_adb2e2], 'bitch tits' → [REDACTED_f3f513], 'frankly my dear i don t give a damn' → [REDACTED_49beae], 'naked women' → [REDACTED_a78ca0], 'selfie nude' → [REDACTED_fb041c], 'sex box' → [REDACTED_ad1a4d], 'good as hell' → [REDACTED_8ee724], 'felony murder' → [REDACTED_3ea166], 'based god' → [REDACTED_eb3f6f], 'all things are possible with god' → [REDACTED_97f189], 'just stupid' → [REDACTED_ccf295], 'big sex' → [REDACTED_130294], 'doggystyle' → [REDACTED_d12761], 'porn videos' → [REDACTED_237859], 'sex girls movie' → [REDACTED_85c13f], 'cock in action' → [REDACTED_1d2dfb], 'anal fuck' → [REDACTED_2d9bca], 'damn fool' → [REDACTED_8e353b], 'masterbate' → [REDACTED_d80aa0], 'pasty' → [REDACTED_10bbc3], 'live sex' → [REDACTED_152d2f], 'born naked' → [REDACTED_7959bf], 'adult xxx' → [REDACTED_bdffe3], 'absolut vodka' → [REDACTED_6e42c2], 'anime hentai' → [REDACTED_a0cac9], 'fat joe' → [REDACTED_3295e5], 'anal bead' → [REDACTED_32e0b4], 'titi' → [REDACTED_5d933e], 'belly fat' → [REDACTED_b1fc9e], 'nude photography' → [REDACTED_0a2a85], 'masterbating' → [REDACTED_235eb8], 'sperm' → [REDACTED_2b6d39], 'naked pictures' → [REDACTED_6fd8ac], 'fat booty' → [REDACTED_5ba5e8], 'girl nude' → [REDACTED_60f454], 'transactional sex' → [REDACTED_cd5e5d], 'fucked up' → [REDACTED_ff1ccc], 'sex strike' → [REDACTED_e7ce6f], 'clitoris' → [REDACTED_38480f], 'toke makinwa' → [REDACTED_efd022], 'slut shaming' → [REDACTED_0b5350], 'nazi' → [REDACTED_ed568d], 'xxx free' → [REDACTED_015a67], 'cuming' → [REDACTED_1ec9e0], 'how to look good naked' → [REDACTED_74d147], 'pot roast' → [REDACTED_a9a2a7], 'hendon hooker' → [REDACTED_c5670f], 'assembly of god' → [REDACTED_f5ad99], 'fartknocker' → [REDACTED_de8180], 'snuff' → [REDACTED_fd0d4b], 'sex anal' → [REDACTED_b227a8], 'dog poop' → [REDACTED_1bd284], 'birthday sex' → [REDACTED_08d7ca], 'penetrate' → [REDACTED_0e0651], 'sexual predator' → [REDACTED_981f53], 'anal insertions' → [REDACTED_35882d], 'douchebag' → [REDACTED_b11aa5], 'twat' → [REDACTED_32e092], 'avatar porn' → [REDACTED_bad581], 'fuck it' → [REDACTED_e4562f], 'fuckin perfect' → [REDACTED_b35c8d], 'nude photo leak' → [REDACTED_c44cbb], 'pubic hairs' → [REDACTED_6cc350], 'foreskin' → [REDACTED_2b25c7], 'mass rape' → [REDACTED_323c0f], 'attempted murder' → [REDACTED_0bb001], 'my nigga' → [REDACTED_2a5ba7], 'sucking cock' → [REDACTED_5abae9], 'all the good shit' → [REDACTED_471dde], 'anal sex positions' → [REDACTED_2347bc], 'a futile and stupid gesture' → [REDACTED_671183], 'gay twinks' → [REDACTED_4459ba], 'all you need is kill' → [REDACTED_a8019e], 'fat amy' → [REDACTED_59649c], 'valium' → [REDACTED_1374b1], 'nude photo' → [REDACTED_d932a2], 'suck cock' → [REDACTED_e439ad], 'chicken shit' → [REDACTED_cd1868], 'golden shower' → [REDACTED_9c4bb2], 'sex video free' → [REDACTED_f759f8], 'cock worship' → [REDACTED_61ba0f], 'u god' → [REDACTED_98143a], 'weirdo' → [REDACTED_d54e43], 'hemp' → [REDACTED_f6adc9], 'public sex' → [REDACTED_2b7c1b], 'adrenaline junkie' → [REDACTED_5833c5], 'pretty pussy' → [REDACTED_6999d5], 'porn online' → [REDACTED_6b5693], 'arabic sex' → [REDACTED_669246], 'tits fuck' → [REDACTED_a1b2d3], 'huge ass' → [REDACTED_857349], 'drunk on a plane' → [REDACTED_d3caa2], 'my mad fat diary' → [REDACTED_30eea2], 'bisexual porn' → [REDACTED_132edd], 'anal stretching' → [REDACTED_e428fb], 'child porn' → [REDACTED_1222e0], 'fuck buddy' → [REDACTED_628331], 'willy wonka' → [REDACTED_dca283], 'beyonce drunk in love' → [REDACTED_3c49d5], 'erected penis' → [REDACTED_4617e2], 'free bdsm' → [REDACTED_dfe14b], 'strip clubs' → [REDACTED_f25825], 'nude pics' → [REDACTED_2df755], 'african nude' → [REDACTED_785a7f], 'ass fuck' → [REDACTED_840be0], 'women naked' → [REDACTED_be5762], 'xxx girls' → [REDACTED_383667], 'kraut' → [REDACTED_711adb], 'drunk driving' → [REDACTED_433421], 'what the hell' → [REDACTED_b774bc], 'house nigga' → [REDACTED_628103], 'father guido sarducci' → [REDACTED_440355], 'rimjob' → [REDACTED_2c107f], 'huge cock' → [REDACTED_8f568d], 'funny as hell' → [REDACTED_3e095c], '2pac murder' → [REDACTED_c0c67b], 'sexual fantasies' → [REDACTED_2670fd], 'sex addict' → [REDACTED_904c21], 'gringo' → [REDACTED_eeda31], 'cannabis weed' → [REDACTED_d6fe91], 'bdsm bondage' → [REDACTED_20f19d], 'buck naked' → [REDACTED_1b8f50], 'nob end' → [REDACTED_2540a2], 'hd sex videos' → [REDACTED_ab99c1], 'wop' → [REDACTED_d43c6c], 'fat cat' → [REDACTED_863bdf], 'face fuck' → [REDACTED_3474f3], 'dry hump' → [REDACTED_9e0b23], 'shit hits the fan' → [REDACTED_ad438a], 'thug life' → [REDACTED_3d8d3e], 'art porn' → [REDACTED_053fc5], 'sadist' → [REDACTED_e6e68d], 'double penetration' → [REDACTED_c233bc], 'girl xxx' → [REDACTED_1b660d], 'pornos' → [REDACTED_fdf8b2], 'play boy' → [REDACTED_078e7f], 'slut walk' → [REDACTED_aafbc2], 'us virgin islands' → [REDACTED_8e0bb8], 'dick long' → [REDACTED_1cd7d8], 'heat stroke' → [REDACTED_26492d], 'don t be a dick' → [REDACTED_b6e92a], 'bukkake and' → [REDACTED_c7ea15], 'vixen' → [REDACTED_a4f3da], 'sex show' → [REDACTED_901b7c], 'rectal feeding' → [REDACTED_66388a], 'break the pot' → [REDACTED_3a362d], 'art nude' → [REDACTED_8fa2b2], 'snow cock' → [REDACTED_e0c710], 'andy dick' → [REDACTED_27057d], 'aids and hiv' → [REDACTED_c5c665], 'chat sex' → [REDACTED_f200e3], 'alt sex' → [REDACTED_681207], 'ugly people' → [REDACTED_a7da64], 'sexual violence' → [REDACTED_c6a7f0], 'gang bang' → [REDACTED_10a250], 'sexual frustration' → [REDACTED_a7e982], 'big dick' → [REDACTED_92f2ce], 'sex tape' → [REDACTED_841748], 'free porn sites' → [REDACTED_eb0759], 'virgin territory' → [REDACTED_5ac255], 'dick costolo' → [REDACTED_e660ae], 'porno free' → [REDACTED_2c869c], 'finger fuck' → [REDACTED_7889a2], 'pissing' → [REDACTED_695a0d], 'ain t no nigga' → [REDACTED_77ce3e], 'porn industry' → [REDACTED_876194], 'russian porn' → [REDACTED_bd3ddd], 'sex with me' → [REDACTED_f94929], 'big ass' → [REDACTED_1f34ae], 'urinal' → [REDACTED_ac12f0], 'screw it' → [REDACTED_e2e007], 'sex asian' → [REDACTED_9cd2ac], 'hiv aids' → [REDACTED_55b82f], 'rape me' → [REDACTED_2b91c4], 'heroin addiction' → [REDACTED_8f4c94], 'bitch slap' → [REDACTED_db10ec], 'lesbo' → [REDACTED_0010a6], '69 sex position' → [REDACTED_01e492], 'marital rape' → [REDACTED_550f32], 'gay twink' → [REDACTED_a5f8d7], 'nipple piercings' → [REDACTED_f6914a], 'busty' → [REDACTED_d7ad7f], 'national sex day' → [REDACTED_c1aa19], 'dick s sporting goods' → [REDACTED_e9e924], 'hell naw' → [REDACTED_2b8827], 'slut me out' → [REDACTED_db6380], 'children of a lesser god' → [REDACTED_8128b9], 'adolph hitler' → [REDACTED_a844c0], 'ass backwards' → [REDACTED_a5e187], 'teen porn' → [REDACTED_989b9f], 'bat out of hell' → [REDACTED_249db7], 'i am a god' → [REDACTED_146018], 'fcuk' → [REDACTED_eec579], 'back from hell' → [REDACTED_520303], 'anal porno' → [REDACTED_1dc7fa], 'motherfuckers' → [REDACTED_06e9b4], 'get naked' → [REDACTED_ce1419], 'clits' → [REDACTED_3a8bab], 'hooters' → [REDACTED_109461], 'eat pussy' → [REDACTED_a16997], 'st paddy s day' → [REDACTED_e61e1e], '10th circle of hell' → [REDACTED_f357e0], 'american pie naked mile' → [REDACTED_dc87d1], 'stupid' → [REDACTED_fc0586], 'anal pleasure' → [REDACTED_454642], 'meth' → [REDACTED_fed1f3], 'laurel hell' → [REDACTED_6e8685], 'young god' → [REDACTED_4492ae], 'drunk driver' → [REDACTED_727d3e], 'fucking men' → [REDACTED_329631], 'viagra' → [REDACTED_8faa7f], 'any sex' → [REDACTED_2a8306], 'unprotected sex' → [REDACTED_ae5071], 'fuck them all' → [REDACTED_f68309], 'best lube' → [REDACTED_2ec653], 'quinton de kock' → [REDACTED_c5464b], 'anal pussy' → [REDACTED_7b4597], 'cool as fuck' → [REDACTED_ce9ae1], 'man sex' → [REDACTED_21c783], 'opium' → [REDACTED_6afc16], 'whitey bulger' → [REDACTED_d0cbe2], 'oral history' → [REDACTED_acd8c6], 'vulva' → [REDACTED_f97ee4], 'sex in public' → [REDACTED_a2f4ff], 'ding dong the witch is dead' → [REDACTED_5f9ff8], 'extra nipple' → [REDACTED_8d4f08], 'hooker oklahoma' → [REDACTED_27fde2], 'thot shit' → [REDACTED_1e1c70], 'asshole' → [REDACTED_0b9a54], 'sex women' → [REDACTED_633543], 'american girls xxx' → [REDACTED_557892], 'second degree murder' → [REDACTED_a8960a], 'anal virgin' → [REDACTED_f9b294], 'nipples pierced' → [REDACTED_83142e], 'hd sex' → [REDACTED_d558e1], 'sluts' → [REDACTED_26da6a], 'mother of god' → [REDACTED_ac71bc], 'nude videos' → [REDACTED_ca655f], 'nude show' → [REDACTED_a09b80], 'i luv this shit' → [REDACTED_ad5b33], 'naked men' → [REDACTED_2e67ac], 'masturbating' → [REDACTED_895bf5], 'cartoon porn' → [REDACTED_158f69], 'lusty lady' → [REDACTED_4293b8], 'screw you' → [REDACTED_b2eda1], 'and if our god is for us' → [REDACTED_342b63], 'eating pussy' → [REDACTED_5ba6d0], 'dating naked' → [REDACTED_d56326], 'sex drive' → [REDACTED_7d67eb], 'able seaman' → [REDACTED_490590], 'fuck da police' → [REDACTED_e496ed], 'celebrity sex tape' → [REDACTED_c339e0], 'panties' → [REDACTED_51d5eb], 'mobile porn' → [REDACTED_843996], 'animated porn' → [REDACTED_3d37ff], 'ding dong ditch' → [REDACTED_6e999e], 'drunk in love' → [REDACTED_6c9f96], 'cocksucker' → [REDACTED_a3911f], 'wouldn t it be great' → [REDACTED_262c48], 'fatass' → [REDACTED_5b81c4], 'sex offenders' → [REDACTED_d13812], 'drunk and disorderly' → [REDACTED_6a0b01], 'anal erotic' → [REDACTED_6e5c76], 'national orgasm day' → [REDACTED_32ebbf], 'nazi party' → [REDACTED_ff147c], 'slut girl' → [REDACTED_8f5f3d], 'sex education' → [REDACTED_0574e6], 'nazi regime' → [REDACTED_e91f7b], 'gay pride parade' → [REDACTED_eb73db], 'futanari' → [REDACTED_6b4730], 'semen' → [REDACTED_5435cf], 'homoerotic' → [REDACTED_9e6c0c], 'organ donation' → [REDACTED_e6f11b], 'blowjobs' → [REDACTED_3a1608], 'sex naked' → [REDACTED_563a80], '1st degree murder' → [REDACTED_2203a5], 'the boob' → [REDACTED_5b25d7], '2nd degree murder' → [REDACTED_4ed40a], 'tower of god' → [REDACTED_811c0b], 'pimp squad' → [REDACTED_d13bbf], 'nad' → [REDACTED_938a80], 'anime porn' → [REDACTED_9a7a64], 'sex doll' → [REDACTED_ed0589], 'sex tubes' → [REDACTED_7bf8da], 'handjob' → [REDACTED_ad0e9d], 'ass cheek' → [REDACTED_049046], 'nice ass' → [REDACTED_994910], 'god the father' → [REDACTED_fbab3a], 'blowjob' → [REDACTED_cf9a87], 'generic viagra' → [REDACTED_d3b792], 'doggy style position' → [REDACTED_1e901e], 'adult porn' → [REDACTED_da3c3b], 'hentai porn' → [REDACTED_af164f], 'god on my side' → [REDACTED_633eb8], 'sissy transgender' → [REDACTED_d0e3cb], 'big fat liar' → [REDACTED_cddcdd], 'something stupid' → [REDACTED_38498c], 'paddy ashdown' → [REDACTED_3815b5], '420 weed' → [REDACTED_3ae253], 'god save the king' → [REDACTED_8f8a42], 'the love of god' → [REDACTED_92d61f], 'adults sex' → [REDACTED_3f1475], 'porn movies' → [REDACTED_3c441f], 'small dick' → [REDACTED_aa0fae], 'jane the virgin' → [REDACTED_f4fa84], 'sex robots' → [REDACTED_ab29c3], 'gang rape' → [REDACTED_813f74], 'sex sites' → [REDACTED_1c76b5], 'paddy power' → [REDACTED_d98e56], 'dick s' → [REDACTED_553664], 'all screwed up' → [REDACTED_7efc77], 'japs' → [REDACTED_2a9af3], 'sex picture' → [REDACTED_24ce32], 'bbw pussy' → [REDACTED_66ce9c], 'afraid of sex' → [REDACTED_e38b1f], 'pawn shop' → [REDACTED_133adb], 'a hitler' → [REDACTED_ec90a1], 'paddy pimblett' → [REDACTED_320648], 'butthole' → [REDACTED_785b86], 'pms' → [REDACTED_80e9fc], 'queer' → [REDACTED_ce95cd], 'cut the crap' → [REDACTED_88044d], 'pussy riot' → [REDACTED_91fd35], 'mera jism meri marzi' → [REDACTED_486b2e], 'a conversation with god' → [REDACTED_ebc3e5], 'acts of god' → [REDACTED_70edf3], 'sexual intercourse' → [REDACTED_dbfbe7], 'hiv test' → [REDACTED_75e3f5], 'highway to hell' → [REDACTED_d7b617], 'ang huling el bimbo' → [REDACTED_6362e2], 'beach sex' → [REDACTED_c3fe86], 'incest taboo' → [REDACTED_d2f813], 'anal fisting' → [REDACTED_80bee6], 'gay marriage' → [REDACTED_7206ae], 'actual fucking' → [REDACTED_f71173], 'that s that shit' → [REDACTED_838b77], 'anal fissure' → [REDACTED_98fe04], 'afghan sex' → [REDACTED_5667c4], 'alt porn' → [REDACTED_e40bcf], 'love sex' → [REDACTED_51c1f7], 'hot sex' → [REDACTED_c483e9], 'all pussy' → [REDACTED_9252cf], 'footjob' → [REDACTED_13717d], 'fuck donald trump' → [REDACTED_67b706], 'all creatures of our god and king' → [REDACTED_999661], 'african sex' → [REDACTED_a5bdec], 'eat shit' → [REDACTED_8e0482], 'pussy lips' → [REDACTED_778c4c], 'strip that down' → [REDACTED_3b33d8], 'girls masterbating' → [REDACTED_e5f359], 'blue tit' → [REDACTED_ee44fc], 'naked sex' → [REDACTED_0db23f], 'naked breasts' → [REDACTED_c2793e], 'sex scandals' → [REDACTED_44b25b], 'sex me' → [REDACTED_15cbc3], 'erotic stories' → [REDACTED_dc9dab], 'god complex' → [REDACTED_954015], '3gp porn' → [REDACTED_ebec61], 'hell hath no fury like a woman scorned' → [REDACTED_fa5138], 'wish you were gay' → [REDACTED_518901], 'hairy pussy' → [REDACTED_5074f4], 'sexual misconduct' → [REDACTED_056949], 'naked photos' → [REDACTED_34d3b2], 'doggy style positions' → [REDACTED_c2ab85], 'ain t my bitch' → [REDACTED_5a88d6], 'nazi flags' → [REDACTED_63f54d], 'only god knows' → [REDACTED_dda26f], 'little porn' → [REDACTED_875362], 'sex pics' → [REDACTED_ba451c], 'anal licking' → [REDACTED_dd494c], 'jizz' → [REDACTED_c34fd2], 'masochist' → [REDACTED_3fc7b7], 'porno sex' → [REDACTED_adca6d], 'don t eat the yellow snow' → [REDACTED_e9d43c], 'porno video' → [REDACTED_f90843], 'by the grace of god' → [REDACTED_f20397], 'cock blocker' → [REDACTED_5043ff], 'douche' → [REDACTED_125b5a], 'how to fuck' → [REDACTED_1c7472], 'virgin atlantic' → [REDACTED_15d167], 'don t kill my vibe' → [REDACTED_69aa40], 'alex len' → [REDACTED_12909b], 'facial expressions' → [REDACTED_4f2e1a], 'sex assault' → [REDACTED_7a830b], 'the kkk' → [REDACTED_96f0d2], 'nazi flag' → [REDACTED_4eb920], 'in god we trust' → [REDACTED_3361f5], 'naked woman' → [REDACTED_6562a3], 'christian god' → [REDACTED_1d42e5], 'mature porn' → [REDACTED_bd66d7], 'fat shaming' → [REDACTED_12181b], 'ass hair' → [REDACTED_c6271a], 'butt naked' → [REDACTED_11e411], 'tyson gay' → [REDACTED_afd0b5], 'bareback sex' → [REDACTED_f652f2], 'oh hell' → [REDACTED_6ef058], 'sexy sex' → [REDACTED_24515e], 'sex acts' → [REDACTED_c22d64], 'revue' → [REDACTED_885d22], 'oral roberts' → [REDACTED_86ca60], 'g spot vibrator' → [REDACTED_9b6d35], 'ganja burn' → [REDACTED_7ea0ca], 'len mccluskey' → [REDACTED_57c5ed], 'indian sex' → [REDACTED_d32095], 'fux' → [REDACTED_6ab356], 'premature ejaculation' → [REDACTED_fafceb], 'labia minora' → [REDACTED_ae4684], 'japan porn' → [REDACTED_ac62a9], 'testicle' → [REDACTED_51c408], 'kill bill' → [REDACTED_4b0239], 'gay men' → [REDACTED_b82d6e], 'scum manifesto' → [REDACTED_7ed34d], 'sex tube' → [REDACTED_3e54e2], 'ahs murder house' → [REDACTED_700a2d], 'double anal' → [REDACTED_5223cb], 'pissing contest' → [REDACTED_017e2d], 'kkk leader' → [REDACTED_f3e708], 'a sexual orientation' → [REDACTED_170729], 'playboy mansion' → [REDACTED_e570e6], 'anal beads' → [REDACTED_0fc17e], 'ski mask the slump god' → [REDACTED_16094d], 'i just had sex' → [REDACTED_1ebfd2], 'hotter than hell' → [REDACTED_52dd4a], 'black sex' → [REDACTED_25ff6e], 'you porn' → [REDACTED_e2891e], 'fat woman' → [REDACTED_fe73a7], 'god s will' → [REDACTED_6a28c5], 'black cock' → [REDACTED_112b79], 'god glory' → [REDACTED_c40567], 'bestiality' → [REDACTED_c4ee03], 'american sex' → [REDACTED_86ae1d], 'with god all things are possible' → [REDACTED_57d21e], 'porno tube' → [REDACTED_2cc3ea], 'naked news' → [REDACTED_484978], 'america porn' → [REDACTED_091908], 'shagging' → [REDACTED_624173], 'doggin' → [REDACTED_e69834], 'circle jerk' → [REDACTED_6a4d21], 'strip game' → [REDACTED_12d4cc], 'jamie xx' → [REDACTED_aba777], 'african ass' → [REDACTED_8cf5e4], 'girls nude' → [REDACTED_52e645], 'inbred' → [REDACTED_d2d354], 'but sex' → [REDACTED_78e58a], 'fat women' → [REDACTED_8ad2a1], 'fag' → [REDACTED_c592ef], 'kiss me stupid' → [REDACTED_0e0ad7], 'shit happens' → [REDACTED_b1c76c], 'naked bikini' → [REDACTED_3dc14f], 'sex work' → [REDACTED_8935c2], 'piss off' → [REDACTED_ccab60], 'fat man' → [REDACTED_f84f80], 'japanese porn' → [REDACTED_b193c5], 'female masturbation' → [REDACTED_ea16ab], 'american nazi party' → [REDACTED_9ba0b3], 'wang yi' → [REDACTED_fe8a26], 'finding fanny' → [REDACTED_332ee3], 'i love pussy' → [REDACTED_2d4ca4], 'raw sex' → [REDACTED_74f5f7], 'you kill me' → [REDACTED_d4ddcc], 'erotic dance' → [REDACTED_4ad398], 'rough sex' → [REDACTED_68309c], 'porn free' → [REDACTED_74a4ef], 'desi porn' → [REDACTED_51ecd6], 'baby fuck' → [REDACTED_42b7c1], 'child of god' → [REDACTED_310cf1], 'hell bent' → [REDACTED_41a8b1], 'kinky' → [REDACTED_5ffedc], '5th of vodka' → [REDACTED_95d552], 'the porn industry' → [REDACTED_7c68b1], 'porno porn' → [REDACTED_bdbf5e], 'sex pictures' → [REDACTED_10036d], 'penis enlargement' → [REDACTED_245f2d], 'dick clark s new year s rockin eve' → [REDACTED_a31968], 'pussy girl' → [REDACTED_f4edc5], 'food porn' → [REDACTED_b46f4c], 'taking the piss' → [REDACTED_76c628], 'hungry bitch' → [REDACTED_67115c], 'seduce' → [REDACTED_a60982], 'sex position' → [REDACTED_f63d3a], 'bad bitch' → [REDACTED_6fc4f4], 'child pornography' → [REDACTED_06c4cb], 'virtual sex' → [REDACTED_0810cf], 'child sexual exploitation' → [REDACTED_37a203], 'resting bitch face' → [REDACTED_064111], 'god is a woman' → [REDACTED_30e628], 'bitches ain t shit' → [REDACTED_07e626], 'kvm' → [REDACTED_cf3382], 'people fucking' → [REDACTED_1e2939], 'alexander wang' → [REDACTED_cd31dd], 'naked and afraid' → [REDACTED_47ec3c], 'nude beach' → [REDACTED_905912], 'it s murder' → [REDACTED_8f1fe6], 'transsexual' → [REDACTED_fd3a5d], 'chink' → [REDACTED_f5ab46], 'u s virgin islands' → [REDACTED_8a4558], 'sexual harassment' → [REDACTED_87b702], 'omg lol' → [REDACTED_04c890], 'foot job' → [REDACTED_416cd8], 'drag me to hell' → [REDACTED_53a902], 'moron' → [REDACTED_2da1ab], 'russian vodka' → [REDACTED_e84988], 'better sex' → [REDACTED_eac701], 'fat people' → [REDACTED_0ad5be], 'sissy boy' → [REDACTED_578785], 'dick jokes' → [REDACTED_e9156a], 'american pussy' → [REDACTED_077fcc], 'stfu' → [REDACTED_b9d22d], 'penis size' → [REDACTED_4c7cd7], 'people fuck' → [REDACTED_b952e1], 'xxx porn' → [REDACTED_874c38], 'shemale cock' → [REDACTED_5604f1], 'anal male' → [REDACTED_7339cf], 'masturbation' → [REDACTED_322103], 'good dick' → [REDACTED_3667db], 'big tit' → [REDACTED_176206], 'sex love' → [REDACTED_f173c0], 'raping' → [REDACTED_4f9bdc], 'stroke' → [REDACTED_9624e8], 'sexual predators' → [REDACTED_100435], 'crotch' → [REDACTED_b13bb6], 'twats' → [REDACTED_3e3a21], 'child murder' → [REDACTED_02fe52], 'sex photo' → [REDACTED_4b27dc], 'bare breasts' → [REDACTED_4ee1aa], 'we still in this bitch' → [REDACTED_16a6a3], 'accessory to murder' → [REDACTED_ae03c9], 'you can t fix stupid' → [REDACTED_a2d082], 'god forbid' → [REDACTED_8aea45], 'them xx' → [REDACTED_1560f1], 'ass licking' → [REDACTED_bbfac4], 'bondage porn' → [REDACTED_ff3dff], 'fucking boyfriend' → [REDACTED_cb3ff7], 'body fat' → [REDACTED_271d0d], 'anal penetration' → [REDACTED_b9e5a2], 'hell in a cell' → [REDACTED_4ec7f3], '05 fuck em' → [REDACTED_f7bfbb], 'nude sex' → [REDACTED_55ceb5], 'pot pie' → [REDACTED_a23526], 'booty call' → [REDACTED_a3d5d7], 'beach nude' → [REDACTED_1fa032], 'pussy' → [REDACTED_acc6f2], 'ain t a damn thing changed' → [REDACTED_346313], 'humping' → [REDACTED_8f99e4], 'black out drunk' → [REDACTED_23e31f], 'real sex' → [REDACTED_4f2fee], 'dildos' → [REDACTED_0f84d0], 'bare naked ladies' → [REDACTED_6da5c9], 'burn belly fat' → [REDACTED_54fa68], 'bull shit' → [REDACTED_f68ed4], 'sex sells' → [REDACTED_fc6f45], 'virgin media' → [REDACTED_cfa5f6], 'sex partner' → [REDACTED_6435a0], 'sex photos' → [REDACTED_320b96], 'girls pussy' → [REDACTED_f1c7d8], 'god bless you' → [REDACTED_ed608e], 'bareback blowjob' → [REDACTED_20e470], 'yaoi' → [REDACTED_d2e9e4], 'femdom' → [REDACTED_4d238f], 'trap god 2' → [REDACTED_c8f6ea], 'dick van dyke' → [REDACTED_d5b92e], 'anal bleeding' → [REDACTED_2c1efc], 'anal sex videos' → [REDACTED_dd4805], 'addicted to porn' → [REDACTED_4d910c], 'get fucked' → [REDACTED_701405], 'same sex marriage is' → [REDACTED_b62c31], 'facial recognition' → [REDACTED_b66f7e], 'anal warts' → [REDACTED_ff719e], 'douche bags' → [REDACTED_b41630], 'playboy tv' → [REDACTED_7434dc], 'all knowing god' → [REDACTED_bc703c], 'splc' → [REDACTED_ebfb26], 'wet pussy' → [REDACTED_5d1d99], 'back that ass up' → [REDACTED_2ae885], 'stupid people' → [REDACTED_50b4f1], 'just don t give a fuck' → [REDACTED_e8e138], 'jerk off' → [REDACTED_a4fa81], 'sexual partner' → [REDACTED_4ad65b], 'reverse cowgirl' → [REDACTED_e5eb59], 'golf wang' → [REDACTED_708643], 'free sex' → [REDACTED_01b10f], 'erotic story' → [REDACTED_5a31f9], 'rape' → [REDACTED_c29b0f], 'adult porno' → [REDACTED_de8b16], 'dogging' → [REDACTED_be3224], 'ganja azerbaijan' → [REDACTED_98e81d], 'i don t believe in god' → [REDACTED_eafd21], 'bitches where' → [REDACTED_4a2ce5], 'girl having sex' → [REDACTED_5bcdb4], 'porn tubes' → [REDACTED_eb91f7], 'gay pride' → [REDACTED_92b606], 'child rape' → [REDACTED_1c45a2], 'girls naked' → [REDACTED_be8424], 'anal' → [REDACTED_347341], 'god will' → [REDACTED_ac637f], 'drunk tonight' → [REDACTED_3126dd], 'anal probe' → [REDACTED_0f901b], 'potty training' → [REDACTED_aa9fa3], 'gay video' → [REDACTED_81a147], 'pussys' → [REDACTED_2d3a0a], 'shit year' → [REDACTED_1da328], 'naked man' → [REDACTED_2daa1a], 'orgasms' → [REDACTED_ef3554], 'ebony pussy' → [REDACTED_4339fb], 'aryan khan' → [REDACTED_eef52a], 'skank' → [REDACTED_1dab05], 'fractured penis' → [REDACTED_1f33e8], '4 stroke' → [REDACTED_f24286], 'dick pics' → [REDACTED_249776], 'ass like that' → [REDACTED_d93526], 'gay boys' → [REDACTED_347699], 'lil uzi vert' → [REDACTED_2c17e2], 'porn video' → [REDACTED_098326], 'sexy sex girls' → [REDACTED_b0363b], 'horse shit' → [REDACTED_5401aa], 'creampie porn' → [REDACTED_dcf6ed], 'incest' → [REDACTED_cee828], 'sex clips' → [REDACTED_32c5df], 'nipple' → [REDACTED_5f44c2], 'jackson wang' → [REDACTED_803f2c], 'i wanna sex you up' → [REDACTED_c1ceb1], 'perfect all kill' → [REDACTED_16ee6e], 'armor of god' → [REDACTED_26fdf8], 'sex chat' → [REDACTED_d0b53b], 'anal itching' → [REDACTED_51d02f], 'big pussy' → [REDACTED_eaf2e1], 'bloody hell' → [REDACTED_7c9935], 'fucking her' → [REDACTED_1f27a9], 'virgin islands' → [REDACTED_a0d5db], 'herpes' → [REDACTED_975978], 'porn sex' → [REDACTED_edc90d], 'dick pic' → [REDACTED_af2cd9], 'douche bag' → [REDACTED_d81989], 'lmao' → [REDACTED_0f18fd], 'sex offender' → [REDACTED_9c0546], 'puto' → [REDACTED_a1e6f2], 'porn tube' → [REDACTED_d190a5], 'accidental nude' → [REDACTED_a1d281], 'blow jobs' → [REDACTED_d181aa], 'amputee porn' → [REDACTED_6c4dd3], 'sex xxx' → [REDACTED_891493], 'free sex porn' → [REDACTED_ce32c9], 'stupid boy' → [REDACTED_ee810b], 'fanny pack' → [REDACTED_9689b5], 'cow urine' → [REDACTED_3b6b36], 'feck' → [REDACTED_4b28db], 'ritard' → [REDACTED_478a2f], 'slave trader' → [REDACTED_f2df9e], 'chicken pot pie' → [REDACTED_95c9d3], 'bull crap' → [REDACTED_c7277c], 'jap' → [REDACTED_bf1f17], 'fat trel' → [REDACTED_2db9fc], 'young thug' → [REDACTED_998d6c], 'prostitute' → [REDACTED_4b49dc], 'who the hell are you' → [REDACTED_5ade2e], 'willy william' → [REDACTED_e3bc43], 'asian gay' → [REDACTED_ea1bcc], 'vigilante shit' → [REDACTED_dec0a7], 'dick cheney' → [REDACTED_bb3005], 'butt sex' → [REDACTED_5a4b59], 'fuck the system' → [REDACTED_91e055], 'nazi salute' → [REDACTED_255f8b], 'sexual arousal' → [REDACTED_b92b9e], 'naked male' → [REDACTED_76a897], 'cum shot' → [REDACTED_50ef7a], 'god s ears' → [REDACTED_e6b7ce], 'premarital sex' → [REDACTED_be640c], 'wrestlemania xxx' → [REDACTED_d76f7b], 'comic porn' → [REDACTED_ebc383], 'a little sex' → [REDACTED_0e15ee], 'sex tourism' → [REDACTED_95f709], 'unnao rape case' → [REDACTED_aa208a], 'anal leakage' → [REDACTED_0d2275], 'porn photos' → [REDACTED_707a04], 'sex online' → [REDACTED_abb5cc], 'fanny packs' → [REDACTED_21b93f], 'casual sex' → [REDACTED_34e988], 'sniper rifle' → [REDACTED_b2c2f4], 'naked pics' → [REDACTED_9e74e1], 'animation porn' → [REDACTED_d605e3], 'dick dale' → [REDACTED_074de8], 'ass porn' → [REDACTED_648c10], 'sex porn' → [REDACTED_276df1], 'porn' → [REDACTED_89e55d], 'anal cancer' → [REDACTED_853aeb], 'blue nude' → [REDACTED_e5044b], 'a sexual' → [REDACTED_16891c], 'crazy as hell' → [REDACTED_8c60a6], 'dick cavett' → [REDACTED_94eb79], 'brianna ghey' → [REDACTED_0b2d07], 'holy fvck' → [REDACTED_987cef], 'anal dilation' → [REDACTED_462e3e], 'xxx xxx' → [REDACTED_f9daca], 'cum shots' → [REDACTED_d9fcaa], 'fart' → [REDACTED_3f2f42], 'no panties' → [REDACTED_f4bd76], 'cock suck' → [REDACTED_66574a], 'sex hot' → [REDACTED_54780a], 'cum cock' → [REDACTED_150faa], 'fucka' → [REDACTED_fa9618], 'abstinence only sex education' → [REDACTED_5162ed], 'sexual orientation' → [REDACTED_ff67f3], 'playboy' → [REDACTED_cfe819], 'pussy licking' → [REDACTED_ec96a2], 'hot shit' → [REDACTED_6ada85], 'anal canal' → [REDACTED_6f6417], 'fuck christmas' → [REDACTED_dc4664], 'bondage' → [REDACTED_69b348], 'big cocks' → [REDACTED_7f2e7f], 'gaza strip' → [REDACTED_9d551c], 'flaccid penis' → [REDACTED_ce4c91], 'gal gadot' → [REDACTED_e207be], 'sex sex' → [REDACTED_3a3c86], 'sexual maturity' → [REDACTED_c9c99d], 'rudy gay' → [REDACTED_f2e050], 'oral b' → [REDACTED_979589], 'so help me god' → [REDACTED_6c75bf], 'serial rapist' → [REDACTED_579f12], 'drunk in love beyonce' → [REDACTED_c86996], 'god of cricket' → [REDACTED_0ec5a4], 'c murder' → [REDACTED_cafa52], 'sex link' → [REDACTED_41609c], 'pussies' → [REDACTED_9c98ba], 'perversion' → [REDACTED_be6217], 'big cock' → [REDACTED_61b87d], 'kill list' → [REDACTED_58e65d], 'children of god' → [REDACTED_fa723b], 'sex on the beach' → [REDACTED_c1b68d], 'extra virgin olive oil' → [REDACTED_214ac1], 'man of god' → [REDACTED_077925], 'facial recognition software' → [REDACTED_526b17], 'naked selfie' → [REDACTED_8fc780], 'murder she wrote' → [REDACTED_1da260], 'women porn' → [REDACTED_c92d48], 'anal bleaching' → [REDACTED_acf73c], '2 girls 1 cup' → [REDACTED_415da3], 'pierced nipples' → [REDACTED_35dd6e], 'stomach fat' → [REDACTED_ca6567], 'hell awaits' → [REDACTED_78b026], 'blow job' → [REDACTED_0f280a], 'woman naked' → [REDACTED_4b6867], 'slave trade' → [REDACTED_546106], 'shit happen' → [REDACTED_7a5945], 'bullshit' → [REDACTED_d2aefe], 'war damn eagle' → [REDACTED_d71238], 'pron' → [REDACTED_d6e97f], 'cressida dick' → [REDACTED_e3ee5a], 'follow god' → [REDACTED_d9ab2b], 'sperm count' → [REDACTED_7678b8], 'i wanna be your slave' → [REDACTED_a7e230], 'hookah bar' → [REDACTED_8e564e], 'slave trading' → [REDACTED_ec3d9f], 'shit' → [REDACTED_1223b8], 'a55' → [REDACTED_1b5adc], 'sexual tension' → [REDACTED_bbfe8d], 'anus' → [REDACTED_967697], 'so damn beautiful' → [REDACTED_292a89], 'ass big' → [REDACTED_6c7e37], 'best sex position' → [REDACTED_a2f8ce], 'cat orgy' → [REDACTED_c35ce1], 'instant pot' → [REDACTED_6793de], 'artificial womb' → [REDACTED_b66316], 'ass cleavage' → [REDACTED_954733], 'lookin ass' → [REDACTED_0a7edd], 'pure shit' → [REDACTED_56beb6], 'bitch don t kill my vibe' → [REDACTED_d647c3], 'lusting' → [REDACTED_b6c867], 'hard on' → [REDACTED_b05362], 'fuckface' → [REDACTED_f49ac0], 'auto erotic asphyxiation' → [REDACTED_423bc7], 'its fucking' → [REDACTED_915626], 'first degree murder' → [REDACTED_f5795f], 'nazi memorabilia' → [REDACTED_243d9b], 'anthony weiner' → [REDACTED_5277bf], 'anal cavity' → [REDACTED_52d4a9], 'sex appeal' → [REDACTED_927eeb], 'sex toy' → [REDACTED_070aad], 'crock pot' → [REDACTED_a1472c], 'what doesn t kill you makes you stronger' → [REDACTED_83660c], 'anal insertion' → [REDACTED_958415], 'sexual exploitation' → [REDACTED_647bd6], 'nude selfie' → [REDACTED_2ddc57], 'shota' → [REDACTED_5e1387], 'holy fucking' → [REDACTED_b9b178], 'kinky boots' → [REDACTED_bd6ad4], 'fucking machine' → [REDACTED_b67e16], 'anal sex women' → [REDACTED_3ebd77], 'after porn ends' → [REDACTED_e073ef], 'holy crap' → [REDACTED_165505], 'vodka' → [REDACTED_234eae], 'bitch please' → [REDACTED_e97adf], 'asian lesbians' → [REDACTED_638567], 'weed day' → [REDACTED_cf0f64], 'we in this bitch' → [REDACTED_a0bfa3], 'anal masterbation' → [REDACTED_d27dc7], 'ass play' → [REDACTED_413d65], 'but fucking' → [REDACTED_58cd5a], 'sex machine' → [REDACTED_c05892], 'big penis' → [REDACTED_9bcf14], 'cock sucker' → [REDACTED_3bdc48], 'ass hole' → [REDACTED_839143], 'woman sex' → [REDACTED_78a146], 'young porn' → [REDACTED_dd2185], 'bride of the water god' → [REDACTED_185342], 'shit on you' → [REDACTED_cce834], 'brazzers porn' → [REDACTED_a485f0], 'wang zihao' → [REDACTED_d6db1b], 'candy ass' → [REDACTED_9c0c51], 'clit aroused' → [REDACTED_b8d82a], 'basic bitches' → [REDACTED_b42488], 'fucking hell' → [REDACTED_941d09], 'sex party' → [REDACTED_b271f6], 'all the good girls go to hell' → [REDACTED_6dbe3d], '69 porn' → [REDACTED_fffba7], 'sex toys' → [REDACTED_dbf6dc], 'facial recognition technology' → [REDACTED_adc2c9], 'small penis' → [REDACTED_7ce828], 'queef' → [REDACTED_40cde1], 'gangbang' → [REDACTED_7bc66d], 'trap god' → [REDACTED_0bcf7e], 'sex positions' → [REDACTED_0178ea], 'god is the greatest' → [REDACTED_ff34a1], 'to god be the glory' → [REDACTED_d05ed4], 'i fucking love science' → [REDACTED_9c6832], 'cigarettes after sex' → [REDACTED_032dce], 'fuckin a' → [REDACTED_1b670b], 'jackass' → [REDACTED_c25a68], 'get ugly' → [REDACTED_176fc9], 'rape in india' → [REDACTED_04eff5], 'adolf hitler' → [REDACTED_c9cc9d], 'anal orgasm' → [REDACTED_c6af8a], 'addicted to sex' → [REDACTED_48164d], 'nipple slip' → [REDACTED_43255c], 'tosser' → [REDACTED_a45362], 'nympho' → [REDACTED_f0e96c], 'sex games' → [REDACTED_bda78c], 'pedophile' → [REDACTED_f0c46d], 'dj screw' → [REDACTED_81babe], 'fat friend' → [REDACTED_7b02fb], 'teen pussy' → [REDACTED_23eee8], 'god bless america' → [REDACTED_efe717], 'naked naked' → [REDACTED_88c259], 'cut off penis' → [REDACTED_de2176], 'dick durbin' → [REDACTED_f3e86b], 'big asses' → [REDACTED_70b58b], 'a porn' → [REDACTED_aecf79], 'hot nigga' → [REDACTED_a6348b], 'porn pictures' → [REDACTED_b73d5f], 'gay male' → [REDACTED_db61d3], 'asian sex' → [REDACTED_ee3d46], 'animals having sex' → [REDACTED_2aefd1], 'dick in a box' → [REDACTED_1efba9], 'drunk people' → [REDACTED_ac7472], 'bitch lasagna' → [REDACTED_479cf4], 'aryan' → [REDACTED_e20715], 'biological sex' → [REDACTED_f0ba6d], 'gay man' → [REDACTED_51915b], 'gay porn' → [REDACTED_06ef1c], 'ass lick' → [REDACTED_79d783], 'anal sex' → [REDACTED_189359], 'orgies' → [REDACTED_2ee968], 'stoned to death' → [REDACTED_76bd45], 'greek god' → [REDACTED_58fd65], 'dutch pot' → [REDACTED_01032d], 'bad sex' → [REDACTED_ce3deb], 'pornography' → [REDACTED_1a1027], '1 girl 5 gays' → [REDACTED_f51f93], 'my penis' → [REDACTED_d77387], 'wedgie' → [REDACTED_1dbeef], 'porno' → [REDACTED_52fb9d], 'boobs' → [REDACTED_d091fc], 'ass sex' → [REDACTED_cdbc3b], '7 days in hell' → [REDACTED_6e0d7f], 'about damn time' → [REDACTED_4b2f5e], 'stupid shit' → [REDACTED_e05fb6], 'aryan brotherhood' → [REDACTED_8855a4], 'junky' → [REDACTED_82546e], 'america america god shed his grace on thee' → [REDACTED_64a837], 'big tits' → [REDACTED_f418e5], 'tit fuck' → [REDACTED_8d652d], 'big boob' → [REDACTED_21ddcc], 'dick gregory' → [REDACTED_80349f], 'uterus' → [REDACTED_0c1c84], 'cunts' → [REDACTED_fea321], 'dummy boy' → [REDACTED_185125], 'naked videos' → [REDACTED_d0b9c1], '4th reich' → [REDACTED_6ccfa5], 'blackout drunk' → [REDACTED_76aeaf], 'anal plugs' → [REDACTED_e7ca3f], 'wigger' → [REDACTED_d56a1f], 'nazi zombies' → [REDACTED_6ac1e7], 'take the piss' → [REDACTED_3bb23a], 'masterbation' → [REDACTED_a5594d], 'america fuck yeah' → [REDACTED_9e3c59], 'ass holes' → [REDACTED_c1d655], 'after we fuck' → [REDACTED_a6c0cb], 'hookah' → [REDACTED_e1ad2d], 'chronic masturbation' → [REDACTED_8ef9cb], 'fuck fuck fuck' → [REDACTED_8b9c4f], 'hand job' → [REDACTED_284aac], 'tampon' → [REDACTED_6ffe39], 'murder for hire' → [REDACTED_7f2a78], 'sex parties' → [REDACTED_e8bb97], 'rimming' → [REDACTED_884f93], 'woman nude' → [REDACTED_7c8319], 'pedophilia' → [REDACTED_882fef], 'tit for tat' → [REDACTED_02ea43], 'nudes' → [REDACTED_a9603e], 'butt fucking' → [REDACTED_cc47a7], 'bastard sword' → [REDACTED_e0b410], 'lmfao' → [REDACTED_d8a157], '1 porn' → [REDACTED_9f6b1d], 'sexy bitch' → [REDACTED_e401eb], 'sex worker' → [REDACTED_37ea8a], 'gay rights' → [REDACTED_6376c4], 'fuck people' → [REDACTED_f68b37], 'menstruation' → [REDACTED_3e2aba], 'porn games' → [REDACTED_c6305e], 'revenge porn' → [REDACTED_2711a2], 'hiv' → [REDACTED_32ab39], 'sex lesbian' → [REDACTED_dd0896], 'dick pound' → [REDACTED_520cb1], 'vomit' → [REDACTED_e5f18c], 'bellend' → [REDACTED_447fe5], 'babysitter porn' → [REDACTED_1e94d4], 'nude woman' → [REDACTED_af0960], 'sodom' → [REDACTED_118b96], 'sex website' → [REDACTED_f8cacd], 'led strip light' → [REDACTED_38c0b4], 'power strip' → [REDACTED_02af4e], 'stupid little things' → [REDACTED_79ec0a], 'holy fuck' → [REDACTED_98a54d], 'child sexual abuse' → [REDACTED_dcef34], 'ass nude' → [REDACTED_cc4d5a], 'queer theory' → [REDACTED_93227b], 'ass to mouth' → [REDACTED_6b3574], 'niggers' → [REDACTED_bf4b3b], 'nude women' → [REDACTED_c65022], 'vagina' → [REDACTED_833218], 'aids hiv' → [REDACTED_e92b41], 'horny woman' → [REDACTED_3e22cd], 'sexual assault awareness month' → [REDACTED_2b2b52], 'bdsm' → [REDACTED_2047a5], 'lesbos' → [REDACTED_209436], 'anal stretch' → [REDACTED_6cc31f], 'heroin overdose' → [REDACTED_4a3058], 'dildo' → [REDACTED_ee2a23], 'nigga' → [REDACTED_9271d6], 'sex change' → [REDACTED_6e6eb1], 'naked video' → [REDACTED_ae12c3], 'god love' → [REDACTED_e66d29], 'ugly me' → [REDACTED_ec52ab], 'g spot' → [REDACTED_32e0ba], 'omg' → [REDACTED_28b901], 'unsimulated sex' → [REDACTED_dccb71], 'cartoon sex' → [REDACTED_81c9bf], 'fuck love' → [REDACTED_fd7863], 'mother fucker' → [REDACTED_69bcde], 'jack off' → [REDACTED_46adc6], 'sex free' → [REDACTED_1afe8c], 'cum facial' → [REDACTED_595d9e], 'hooker' → [REDACTED_6f22b6], 'celebrity sex tapes' → [REDACTED_244338], 'maxi dress' → [REDACTED_bed041], 'ass back home' → [REDACTED_470ee7], 'fucking a' → [REDACTED_e17e23], 'naked lady' → [REDACTED_2e3c80], 'teen sex' → [REDACTED_be7fcb], 'video vixen' → [REDACTED_b09262], 'fat tuesday' → [REDACTED_d84e68], 'slippery slope' → [REDACTED_d7a84c], 'to kill a mockingbird' → [REDACTED_67b497], 'sex teens' → [REDACTED_27fe25], 'ban porn' → [REDACTED_9804e7], 'live sex shows' → [REDACTED_5ddf7b], 'god of war' → [REDACTED_5ef78f], 'tight pussy' → [REDACTED_b92f25], 'willy paul' → [REDACTED_129e15], 'every damn time' → [REDACTED_1f1cf1], 'lesbians' → [REDACTED_ac6ef6], 'asian tits' → [REDACTED_b09f30], 'pee mak' → [REDACTED_d8c7a6], 'strip club' → [REDACTED_aefbc9], 'no homo' → [REDACTED_838b64], 'sex story' → [REDACTED_351353], 'american horror story murder house' → [REDACTED_b4599b], 'sex com' → [REDACTED_10b619], 'arian foster' → [REDACTED_ce34a0], 'bdsm porn' → [REDACTED_3196be], 'wouldn t it be nice' → [REDACTED_268a96], 'british porn' → [REDACTED_2b23aa], 'welcome to hell' → [REDACTED_f9d96c], 'sodom and gomorrah' → [REDACTED_ef4e73], 'cunt' → [REDACTED_b52b07], 'pimp' → [REDACTED_178374], 'best sex ever' → [REDACTED_af3572], 'hymen' → [REDACTED_53a173], 'lesbian sex' → [REDACTED_33077f], 'bdsm fetish' → [REDACTED_3d40e6], 'sex with dogs' → [REDACTED_72b216], 'lose my virgin' → [REDACTED_423e8c], 'fuck the police' → [REDACTED_19801a], 'a sex' → [REDACTED_0c5116], 'fuck what you think' → [REDACTED_1d682e], 'anal finger' → [REDACTED_ad16d3], 'sex site' → [REDACTED_ffb2ab], 'ass wednesday' → [REDACTED_ac37fd], 'capital murder' → [REDACTED_22306f], 'faggot' → [REDACTED_cb205e], 'organ harvesting' → [REDACTED_9aff8b], 'anal porn' → [REDACTED_d784c7], 'anal massage' → [REDACTED_3c24fc], 'only god can judge me' → [REDACTED_a63bea], 'little pussy' → [REDACTED_b00be2], 'niggah' → [REDACTED_9e0e38], 'face fucked' → [REDACTED_794a08], 'sex game' → [REDACTED_6ebe96], 'videos sex' → [REDACTED_273243], 'ass worship' → [REDACTED_09ec39], 'sexual abuse' → [REDACTED_abe258], 'only god forgives' → [REDACTED_13d222], 'bareback gay' → [REDACTED_11288b], 'drunk me' → [REDACTED_bf4bfd], 'work bitch' → [REDACTED_91cac5], 'dick day' → [REDACTED_a347c0], 'how to get away with murder' → [REDACTED_e0c838], 'chopped and screwed' → [REDACTED_65c347], 'bobby bitch' → [REDACTED_ad95bb], 'milf' → [REDACTED_0fa9d9], 'kkk members' → [REDACTED_6ce48a], 'fucking fuck' → [REDACTED_7f4144], 'adult sex games' → [REDACTED_bfdde8], 'gay community' → [REDACTED_d1ce6a], 'basic bitch' → [REDACTED_d5cda6], 'large breasts' → [REDACTED_e973a6], 'busty woman' → [REDACTED_e4bb37], 'hussy' → [REDACTED_495d10], 'same sex marriages' → [REDACTED_e30f2c], 'cumshot' → [REDACTED_1dea84], 'gay sex' → [REDACTED_23eb7c], 'facial hair' → [REDACTED_01f09b], 'anal masturbation' → [REDACTED_549140], 'women nude' → [REDACTED_22fb48], 'bondage bdsm' → [REDACTED_6add9f], 'beautiful bastard' → [REDACTED_513832], 'bondage fetish' → [REDACTED_b27395], 'naked girl' → [REDACTED_1246ff], 'wanker' → [REDACTED_3e12ec], 'anal prolapse' → [REDACTED_1302dc], 'dr sex' → [REDACTED_97489b], 'teens sex' → [REDACTED_555d14], 'asian porn' → [REDACTED_0a42bb], 'son of god' → [REDACTED_c78587], 'animal porn' → [REDACTED_1d73c6], 'drunk girls' → [REDACTED_8e888b], 'weed' → [REDACTED_8417a0], 'free willy' → [REDACTED_b2cc3f], 'porn websites' → [REDACTED_cefc7f], 'happy hump day' → [REDACTED_a52066], 'stupid question' → [REDACTED_6adacd], 'sex stories' → [REDACTED_11a5eb], 'pubic hair' → [REDACTED_ce69c4], 'pussy porn' → [REDACTED_b8c55e], 'pot noodle' → [REDACTED_f8d830], 'excess belly fat' → [REDACTED_4e8549], 'feel like shit' → [REDACTED_e994b8], 'sexy as hell' → [REDACTED_19d4d1], 'hood nigga' → [REDACTED_f14174], 'robert reich' → [REDACTED_c85de6], 'free xxx' → [REDACTED_3f1d59], 'big clit' → [REDACTED_9c949a], 'single sex' → [REDACTED_9dae92], '13 god' → [REDACTED_9badf9], 'fuck it up' → [REDACTED_661daf], 'bleached asshole' → [REDACTED_7f3446], 'extreme porn' → [REDACTED_757910], 'ass fucking' → [REDACTED_d5b61b], 'anal plug' → [REDACTED_8063fa], 'penetration testing' → [REDACTED_ec807f], 'gang raped' → [REDACTED_c7317c], 'anal vibrator' → [REDACTED_64529e], 'virgin australia' → [REDACTED_21a025], 'motherfucker' → [REDACTED_8d70e0], 'fat thursday' → [REDACTED_40c088], 'bukkake' → [REDACTED_334159], 'king of the kill' → [REDACTED_05a973], 'god control' → [REDACTED_b304ac], 'sex ass' → [REDACTED_c4f26c], 'dry humping' → [REDACTED_4a8bf9], 'bitch better have my money' → [REDACTED_d662e5], 'nipple clamps' → [REDACTED_70d28a], 'kill command' → [REDACTED_d5d069], 'sex trafficking' → [REDACTED_520cb3], 'nazi germany' → [REDACTED_8950f5], 'niggas in paris' → [REDACTED_19b8df], 'lady and the tramp' → [REDACTED_16eaf0], 'akame ga kill' → [REDACTED_b1b3b4], 'fuck cancer' → [REDACTED_5593b0], 'brazilian porn' → [REDACTED_e2312c], 'black cocks' → [REDACTED_e4298b], 'honest to god' → [REDACTED_49e12d], 'sex videos' → [REDACTED_5659d3], 'anal fingering' → [REDACTED_1eae74], 'sniper' → [REDACTED_1c2768], 'rape victims' → [REDACTED_8b66fd], 'facial paralysis' → [REDACTED_042c4f], 'kathua rape case' → [REDACTED_662f80], 'threesome' → [REDACTED_912897], 'anal intercourse' → [REDACTED_11049c], 'people are stupid' → [REDACTED_2c0048], 'asian orgy' → [REDACTED_1eebd6], 'gay culture' → [REDACTED_21e53c], 'gay club' → [REDACTED_041fed], 'god made a farmer' → [REDACTED_41d14e], 'anal fistula' → [REDACTED_01d5a1], 'strange sex' → [REDACTED_17ab2e], 'cum porn' → [REDACTED_e918f9], 'dylan wang' → [REDACTED_60c3ad], 'naked nude' → [REDACTED_4ab9d8], 'xvideos porn' → [REDACTED_7f79bb], 'group sex' → [REDACTED_4b15d4], 'charlamagne tha god' → [REDACTED_1b0bc7], 'bollywood sex' → [REDACTED_8bed49], 'dad gay' → [REDACTED_956d2c], 'pussy eating' → [REDACTED_8c1a1b], 'child sex offenders' → [REDACTED_02c815], 'fondle' → [REDACTED_e5eaec], 'fucker' → [REDACTED_aac0a9], 'anal stimulation' → [REDACTED_3b5828], 'nude men' → [REDACTED_78db7d], 'god did' → [REDACTED_b4d39f], 'female orgasms' → [REDACTED_0c4179], 'porn addiction' → [REDACTED_a7f4ec], 'teen nude' → [REDACTED_ed0f7c], 'nude bath' → [REDACTED_7ce620], 'sexual attraction' → [REDACTED_d09cfb], 'girls sex' → [REDACTED_1876c8], 'no bullshit' → [REDACTED_1abc52], 'free sex videos' → [REDACTED_e38241], 'nude nude' → [REDACTED_e52e82], 'fingering' → [REDACTED_0a76fa], 'han dong' → [REDACTED_07c5b8], 'naked boys' → [REDACTED_3fbd94], 'gangbangs' → [REDACTED_08fb77], 'urine' → [REDACTED_3e8819], 'fucking awesome' → [REDACTED_db0e45], 'anal fist' → [REDACTED_aacc62], 'blue waffle' → [REDACTED_bcdc2d], 'nigger' → [REDACTED_c35312], 'pissed me off' → [REDACTED_3a53d7], 'fags' → [REDACTED_038e80], 'hentai' → [REDACTED_c2fc2f], 'alt sex stories' → [REDACTED_350337], 'xxx porno' → [REDACTED_622eba], 'murder suicide' → [REDACTED_7c7e72], 'fisting' → [REDACTED_264ac3], 'anal retentive' → [REDACTED_3f3a90], 'eminem rap god' → [REDACTED_d251df], 'fat girl' → [REDACTED_832214], 'bill clinton rape' → [REDACTED_6feb80], 'chicks porn' → [REDACTED_4e0639], 'sex scandal' → [REDACTED_52767c], 'free porno' → [REDACTED_f05bdd], 'fat lip' → [REDACTED_926a60], 'organ transplant' → [REDACTED_b28e7c], '69 sex' → [REDACTED_83686f], 'god s menu' → [REDACTED_564715], 'naked girls' → [REDACTED_9446d4], 'child sex trafficking' → [REDACTED_88509a], 'sex workers' → [REDACTED_34e78d], 'asian porno' → [REDACTED_708cc9], 'venice bitch' → [REDACTED_7d22b2], 'sex dolls' → [REDACTED_3ac1bf], 'panty lines' → [REDACTED_8be0fd], 'sex slave' → [REDACTED_e402b8], 'gay boy' → [REDACTED_fe512b], 'crazy bitch' → [REDACTED_3f7928], 'act of god' → [REDACTED_47e4a6], 'long pubic hair' → [REDACTED_69690a], 'free porn' → [REDACTED_64ed39], 'strip poker' → [REDACTED_9a5f8a], 'arab sex' → [REDACTED_1c2649], 'david pecker' → [REDACTED_5563b1], 'cock ring' → [REDACTED_2f0065], 'chilly willy' → [REDACTED_a0073a], 'murder on my mind' → [REDACTED_c23905], 'video porn' → [REDACTED_8506a4], 'jerkoff' → [REDACTED_17038e], 'crystal meth' → [REDACTED_5b0213], 'free internet porn' → [REDACTED_e46693], 'jackass forever' → [REDACTED_c6fa26], 'erotic massages' → [REDACTED_00120a], 'homey' → [REDACTED_fac51e], 'kill la kill' → [REDACTED_4e8183], 'suck dick' → [REDACTED_d9e822], 'god of war ragnarok' → [REDACTED_4fb361], 'god s in his heaven all s right with the world' → [REDACTED_72c0ca], 'gay relationships' → [REDACTED_3321a6], 'damn u' → [REDACTED_e8e50d], 'cock block' → [REDACTED_648350], 'so damn fine' → [REDACTED_ec763e], 'huge penis' → [REDACTED_87f2c4], 'shemale' → [REDACTED_5c157c], 'voyeur' → [REDACTED_dfcdc3], 'ku klux klan' → [REDACTED_ca375d], 'youtube porn' → [REDACTED_cbfd46]
2026-02-24 12:51:00,201 [77879] INFO Wrote 1474 redaction(s) → tweetskb_tables/redacted.parquet
2026-02-24 12:51:00,228 [77879] INFO Done. 1240000 rows → tweetskb_tables/date.parquet  |  range 2013-01–2023-06  |  1,624,986,741 posts  |  118,159,616,890 likes  |  42,097,572,669 shares
